Beginning PiCam stream...
(94, 91)
(94, 91)
(94, 91)
(94, 91)
(94, 91)
(94, 96)
(94, 96)
(96, 104)
(97, 110)
(100, 121)
(102, 126)
(105, 128)
(105, 128)
(111, 135)
(118, 139)
(128, 144)
(137, 147)
(147, 150)
(156, 154)
(156, 154)
(164, 156)
(174, 159)
(182, 164)
(182, 164)
(192, 168)
(200, 168)
(206, 169)
(206, 169)
(210, 170)
(217, 171)
(223, 176)
(223, 176)
(228, 178)
(233, 178)
(237, 178)
(237, 178)
(241, 184)
(246, 185)
(249, 187)
(249, 187)
(253, 190)
(257, 189)
(260, 189)
(260, 189)
(263, 190)
(267, 192)
(271, 193)
(271, 193)
(274, 195)
(277, 194)
(277, 194)
(280, 199)
(280, 199)
(284, 199)
(284, 199)
(289, 199)
(289, 199)
(292, 198)
(292, 198)
(296, 198)
(300, 198)
(300, 198)
(305, 203)
(305, 203)
(308, 203)
(310, 203)
(310, 203)
(314, 202)
(314, 202)
(314, 202)
(317, 203)
(321, 204)
(321, 204)
(325, 211)
(328, 212)
(328, 212)
(331, 214)
(331, 214)
(331, 214)
(332, 216)
(334, 218)
(334, 218)
(335, 220)
(335, 220)
(337, 222)
(338, 228)
(338, 228)
(339, 230)
(340, 232)
(340, 232)
(340, 233)
(340, 235)
(339, 236)
(339, 236)
(338, 237)
(337, 237)
(336, 237)
(336, 237)
(334, 236)
(332, 236)
(330, 235)
(330, 235)
(327, 234)
(324, 233)
(321, 232)
(321, 232)
(318, 230)
(315, 229)
(312, 227)
(308, 226)
(308, 226)
(305, 225)
(302, 227)
(302, 227)
(299, 226)
(299, 226)
(297, 225)
(297, 225)
(294, 224)
(294, 224)
(292, 223)
(291, 222)
(291, 222)
(289, 221)
(289, 221)
(288, 221)
(288, 221)
(288, 221)
(289, 222)
(289, 222)
(290, 222)
(290, 222)
(291, 223)
(291, 223)
(293, 225)
(293, 225)
(296, 226)
(299, 227)
(299, 227)
(302, 230)
(302, 230)
(306, 232)
(306, 232)
(310, 234)
(310, 234)
(315, 236)
(315, 236)
(320, 238)
(324, 241)
(324, 241)
(329, 244)
(329, 244)
(334, 246)
(334, 246)
(338, 248)
(338, 248)
(341, 250)
(343, 251)
(343, 251)
(346, 253)
(346, 253)
(347, 253)
(347, 253)
(349, 254)
(349, 254)
(349, 254)
(350, 254)
(350, 254)
(349, 254)
(349, 254)
(349, 249)
(349, 249)
(349, 244)
(349, 244)
(348, 242)
(346, 241)
(346, 241)
(344, 240)
(344, 240)
(342, 239)
(342, 239)
(339, 237)
(336, 236)
(336, 236)
(333, 235)
(331, 233)
(331, 233)
(328, 233)
(325, 231)
(325, 231)
(321, 230)
(318, 228)
(318, 228)
(315, 227)
(312, 226)
(309, 225)
(309, 225)
(306, 224)
(304, 223)
(303, 222)
(303, 222)
(299, 223)
(299, 226)
(298, 226)
(298, 226)
(298, 226)
(298, 227)
(299, 228)
(299, 228)
(301, 231)
(304, 234)
(306, 235)
(306, 235)
(309, 236)
(311, 238)
(314, 240)
(317, 242)
(317, 242)
(321, 244)
(324, 245)
(327, 247)
(327, 247)
(331, 249)
(333, 250)
(336, 252)
(336, 252)
(338, 254)
(340, 255)
(340, 255)
(341, 257)
(343, 258)
(344, 256)
(344, 246)
(344, 246)
(345, 247)
(344, 246)
(344, 246)
(342, 245)
(342, 245)
(340, 244)
(340, 244)
(338, 243)
(338, 243)
(336, 242)
(336, 242)
(334, 241)
(332, 241)
(332, 241)
(330, 240)
(327, 239)
(327, 239)
(325, 237)
(321, 236)
(321, 236)
(319, 235)
(316, 234)
(316, 234)
(314, 232)
(312, 231)
(312, 231)
(310, 230)
(308, 229)
(308, 229)
(308, 228)
(308, 228)
(306, 228)
(306, 228)
(305, 228)
(305, 228)
(305, 228)
(305, 228)
(305, 228)
(306, 229)
(308, 234)
(308, 234)
(310, 235)
(312, 236)
(315, 238)
(315, 238)
(318, 239)
(321, 242)
(324, 243)
(324, 243)
(327, 245)
(329, 246)
(332, 248)
(332, 248)
(335, 249)
(338, 251)
(340, 252)
(340, 252)
(342, 254)
(344, 255)
(346, 256)
(346, 256)
(347, 256)
(348, 250)
(349, 248)
(349, 248)
(349, 247)
(349, 247)
(348, 246)
(347, 245)
(347, 245)
(345, 244)
(345, 244)
(343, 243)
(341, 242)
(341, 242)
(339, 241)
(339, 241)
(336, 240)
(336, 240)
(334, 239)
(331, 238)
(329, 237)
(329, 237)
(326, 235)
(324, 234)
(321, 233)
(321, 233)
(320, 233)
(318, 232)
(316, 231)
(316, 231)
(315, 230)
(314, 230)
(314, 230)
(314, 229)
(314, 229)
(314, 230)
(314, 230)
(315, 230)
(316, 231)
(318, 231)
(318, 231)
(320, 232)
(320, 235)
(322, 239)
(325, 240)
(325, 240)
(327, 241)
(330, 243)
(333, 246)
(333, 246)
(336, 248)
(338, 249)
(340, 251)
(340, 251)
(343, 253)
(343, 253)
(344, 255)
(344, 255)
(346, 255)
(348, 249)
(348, 248)
(348, 248)
(348, 248)
(348, 247)
(346, 246)
(346, 246)
(343, 245)
(339, 245)
(335, 244)
(335, 244)
(332, 244)
(330, 243)
(327, 242)
(327, 242)
(324, 240)
(320, 239)
(320, 239)
(316, 238)
(312, 237)
(312, 237)
(309, 236)
(305, 235)
(303, 234)
(303, 234)
(301, 233)
(299, 232)
(297, 231)
(297, 231)
(296, 231)
(296, 230)
(294, 230)
(294, 230)
(295, 231)
(296, 232)
(296, 232)
(297, 232)
(298, 233)
(299, 233)
(299, 233)
(301, 235)
(304, 236)
(305, 236)
(305, 236)
(307, 238)
(309, 240)
(312, 243)
(314, 245)
(314, 245)
(317, 247)
(319, 249)
(322, 250)
(322, 250)
(324, 252)
(326, 254)
(327, 255)
(327, 255)
(329, 255)
(329, 255)
(330, 255)
(330, 255)
(329, 254)
(329, 254)
(327, 253)
(327, 253)
(327, 253)
(325, 252)
(324, 243)
(324, 243)
(323, 239)
(320, 239)
(317, 237)
(317, 237)
(314, 236)
(311, 235)
(311, 235)
(309, 233)
(307, 232)
(305, 231)
(302, 230)
(302, 230)
(300, 230)
(298, 229)
(298, 229)
(296, 228)
(296, 228)
(295, 227)
(295, 227)
(294, 227)
(292, 227)
(292, 227)
(291, 228)
(291, 228)
(292, 229)
(292, 229)
(293, 230)
(294, 231)
(294, 231)
(296, 232)
(298, 235)
(301, 236)
(301, 236)
(304, 238)
(308, 246)
(311, 249)
(311, 249)
(314, 251)
(317, 253)
(320, 254)
(323, 254)
(326, 251)
(326, 251)
(329, 250)
(330, 251)
(331, 251)
(332, 252)
(332, 252)
(333, 252)
(332, 251)
(331, 251)
(331, 251)
(330, 250)
(329, 249)
(327, 243)
(327, 243)
(325, 240)
(322, 239)
(319, 237)
(319, 237)
(317, 236)
(314, 235)
(311, 234)
(311, 234)
(308, 233)
(305, 231)
(302, 230)
(302, 230)
(299, 229)
(297, 228)
(295, 227)
(292, 229)
(292, 229)
(292, 234)
(292, 234)
(292, 234)
(291, 234)
(291, 234)
(291, 234)
(292, 234)
(292, 234)
(293, 235)
(293, 235)
(294, 235)
(294, 235)
(296, 236)
(296, 236)
(299, 237)
(299, 237)
(302, 238)
(307, 239)
(307, 239)
(310, 240)
(310, 240)
(313, 241)
(313, 241)
(316, 243)
(316, 243)
(319, 244)
(322, 246)
(322, 246)
(326, 247)
(326, 247)
(329, 248)
(329, 248)
(332, 250)
(332, 250)
(335, 251)
(335, 251)
(336, 252)
(336, 252)
(337, 252)
(338, 252)
(338, 252)
(338, 252)
(338, 252)
(337, 252)
(337, 252)
(336, 251)
(336, 251)
(337, 248)
(337, 248)
(336, 242)
(336, 242)
(334, 241)
(332, 240)
(332, 240)
(330, 238)
(330, 238)
(327, 237)
(327, 237)
(325, 236)
(325, 236)
(323, 235)
(321, 234)
(321, 234)
(318, 232)
(318, 232)
(316, 231)
(316, 231)
(315, 230)
(313, 229)
(313, 229)
(311, 227)
(311, 227)
(309, 226)
(309, 226)
(308, 225)
(308, 225)
(306, 226)
(306, 226)
(304, 228)
(304, 228)
(304, 229)
(304, 230)
(304, 230)
(305, 231)
(305, 231)
(306, 232)
(306, 232)
(307, 232)
(307, 232)
(309, 233)
(311, 234)
(311, 234)
(313, 235)
(313, 235)
(316, 237)
(316, 237)
(318, 242)
(318, 242)
(321, 244)
(323, 245)
(323, 245)
(326, 247)
(326, 247)
(328, 248)
(328, 248)
(331, 251)
(331, 251)
(333, 252)
(333, 252)
(336, 246)
(336, 246)
(336, 245)
(337, 245)
(337, 245)
(337, 246)
(337, 246)
(337, 246)
(337, 246)
(336, 245)
(336, 245)
(335, 245)
(334, 244)
(334, 244)
(334, 243)
(334, 243)
(332, 242)
(332, 242)
(330, 241)
(330, 241)
(328, 239)
(325, 238)
(325, 238)
(323, 237)
(323, 237)
(320, 237)
(320, 237)
(318, 235)
(318, 235)
(316, 234)
(316, 234)
(314, 232)
(314, 232)
(312, 232)
(310, 230)
(310, 230)
(308, 229)
(308, 229)
(307, 228)
(307, 228)
(307, 228)
(306, 228)
(306, 228)
(306, 228)
(306, 228)
(306, 228)
(306, 228)
(304, 230)
(304, 230)
(305, 233)
(307, 233)
(307, 233)
(309, 235)
(309, 235)
(312, 238)
(312, 238)
(314, 241)
(314, 241)
(317, 242)
(320, 243)
(320, 243)
(322, 245)
(322, 245)
(325, 246)
(325, 246)
(327, 248)
(327, 248)
(330, 250)
(332, 251)
(332, 251)
(334, 252)
(334, 252)
(336, 253)
(336, 253)
(337, 254)
(337, 254)
(338, 255)
(338, 255)
(338, 255)
(339, 254)
(339, 254)
(339, 246)
(339, 246)
(338, 244)
(338, 244)
(337, 243)
(337, 243)
(336, 243)
(334, 242)
(334, 242)
(333, 241)
(333, 241)
(331, 240)
(331, 240)
(328, 239)
(328, 239)
(326, 238)
(324, 237)
(324, 237)
(321, 236)
(321, 236)
(319, 236)
(319, 236)
(317, 235)
(317, 235)
(314, 234)
(312, 233)
(312, 233)
(310, 232)
(310, 232)
(309, 232)
(309, 232)
(307, 231)
(306, 230)
(306, 230)
(305, 230)
(305, 230)
(305, 230)
(305, 230)
(305, 230)
(304, 231)
(304, 231)
(306, 238)
(306, 238)
(307, 240)
(307, 240)
(309, 241)
(309, 241)
(311, 242)
(311, 242)
(314, 243)
(315, 244)
(315, 244)
(318, 246)
(318, 246)
(321, 248)
(321, 248)
(324, 249)
(324, 249)
(326, 250)
(326, 250)
(329, 252)
(331, 253)
(331, 253)
(333, 254)
(333, 254)
(337, 247)
(337, 247)
(337, 247)
(337, 247)
(339, 248)
(339, 248)
(340, 247)
(340, 247)
(340, 247)
(340, 247)
(340, 247)
(340, 247)
(340, 247)
(339, 246)
(339, 246)
(338, 246)
(338, 246)
(336, 245)
(336, 245)
(333, 244)
(331, 244)
(331, 244)
(329, 244)
(329, 244)
(326, 243)
(326, 243)
(324, 241)
(324, 241)
(321, 240)
(321, 240)
(319, 239)
(317, 238)
(317, 238)
(314, 237)
(314, 237)
(312, 236)
(312, 236)
(311, 236)
(311, 236)
(309, 235)
(309, 235)
(307, 234)
(306, 234)
(306, 234)
(305, 234)
(305, 234)
(304, 233)
(304, 233)
(304, 234)
(305, 234)
(305, 234)
(306, 234)
(306, 234)
(307, 235)
(307, 235)
(308, 235)
(308, 235)
(311, 236)
(313, 237)
(313, 237)
(313, 237)
(316, 238)
(319, 238)
(319, 238)
(320, 238)
(320, 238)
(323, 239)
(323, 239)
(326, 240)
(328, 242)
(328, 242)
(330, 243)
(330, 243)
(333, 244)
(335, 245)
(336, 246)
(336, 246)
(337, 246)
(337, 247)
(337, 247)
(338, 247)
(338, 247)
(337, 246)
(337, 246)
(336, 246)
(335, 245)
(335, 245)
(333, 244)
(331, 243)
(331, 243)
(329, 243)
(327, 242)
(327, 242)
(324, 241)
(323, 240)
(319, 239)
(319, 239)
(318, 238)
(318, 238)
(315, 237)
(313, 236)
(311, 235)
(311, 235)
(309, 234)
(307, 233)
(306, 232)
(305, 231)
(305, 231)
(304, 231)
(304, 232)
(304, 231)
(304, 231)
(304, 231)
(305, 231)
(306, 232)
(306, 232)
(308, 233)
(310, 234)
(312, 235)
(312, 235)
(315, 236)
(318, 237)
(319, 239)
(319, 239)
(323, 241)
(326, 242)
(328, 244)
(332, 245)
(332, 245)
(333, 247)
(335, 248)
(335, 248)
(337, 249)
(337, 249)
(339, 250)
(339, 250)
(340, 251)
(341, 251)
(341, 251)
(341, 250)
(341, 250)
(341, 250)
(341, 250)
(341, 250)
(341, 250)
(339, 249)
(339, 249)
(338, 248)
(338, 248)
(336, 248)
(334, 247)
(334, 247)
(333, 244)
(333, 244)
(332, 237)
(332, 237)
(330, 236)
(330, 236)
(328, 235)
(328, 235)
(326, 234)
(324, 233)
(324, 233)
(323, 232)
(323, 232)
(321, 231)
(321, 231)
(320, 230)
(320, 230)
(320, 229)
(320, 227)
(320, 227)
(320, 227)
(320, 227)
(319, 229)
(319, 229)
(321, 233)
(321, 233)
(322, 234)
(324, 234)
(324, 234)
(326, 234)
(326, 234)
(328, 234)
(328, 234)
(331, 234)
(331, 234)
(333, 234)
(333, 234)
(337, 234)
(337, 234)
(340, 234)
(343, 234)
(343, 234)
(347, 235)
(347, 235)
(349, 236)
(349, 236)
(353, 238)
(353, 238)
(355, 240)
(358, 242)
(358, 242)
(360, 242)
(360, 242)
(362, 242)
(362, 242)
(363, 243)
(363, 243)
(364, 243)
(364, 243)
(365, 244)
(366, 244)
(366, 244)
(365, 245)
(365, 245)
(364, 244)
(364, 244)
(363, 244)
(363, 244)
(361, 244)
(361, 244)
(359, 245)
(355, 245)
(355, 245)
(351, 245)
(351, 245)
(347, 246)
(347, 246)
(343, 246)
(343, 245)
(339, 246)
(336, 246)
(336, 246)
(334, 242)
(334, 242)
(331, 236)
(331, 236)
(327, 237)
(327, 237)
(321, 238)
(317, 239)
(317, 239)
(313, 239)
(313, 239)
(311, 239)
(311, 239)
(308, 241)
(308, 241)
(307, 241)
(304, 241)
(304, 241)
(302, 242)
(302, 242)
(302, 243)
(302, 243)
(301, 242)
(301, 242)
(301, 242)
(301, 242)
(301, 242)
(302, 242)
(302, 242)
(302, 242)
(302, 242)
(303, 243)
(303, 243)
(303, 242)
(303, 242)
(304, 243)
(305, 244)
(305, 244)
(306, 244)
(306, 244)
(307, 245)
(307, 245)
(309, 246)
(311, 247)
(311, 247)
(312, 248)
(312, 248)
(314, 249)
(315, 249)
(315, 249)
(316, 250)
(316, 250)
(316, 251)
(316, 251)
(318, 251)
(318, 251)
(318, 251)
(318, 251)
(318, 251)
(318, 251)
(318, 251)
(317, 251)
(317, 250)
(317, 250)
(316, 249)
(315, 249)
(314, 248)
(314, 248)
(311, 243)
(311, 243)
(310, 242)
(308, 241)
(308, 241)
(308, 240)
(308, 240)
(306, 239)
(306, 239)
(305, 239)
(305, 239)
(303, 238)
(302, 237)
(302, 237)
(300, 237)
(300, 237)
(300, 237)
(300, 237)
(299, 236)
(299, 236)
(298, 236)
(298, 236)
(298, 236)
(298, 236)
(298, 236)
(298, 236)
(298, 236)
(299, 236)
(300, 237)
(300, 236)
(301, 237)
(301, 237)
(302, 238)
(302, 238)
(304, 239)
(306, 240)
(306, 240)
(307, 241)
(307, 241)
(309, 241)
(309, 241)
(311, 242)
(313, 243)
(313, 243)
(314, 244)
(314, 244)
(315, 244)
(315, 244)
(317, 245)
(317, 245)
(317, 244)
(318, 244)
(318, 244)
(319, 245)
(319, 245)
(319, 244)
(319, 245)
(318, 244)
(318, 244)
(318, 244)
(317, 243)
(317, 243)
(316, 242)
(316, 242)
(314, 242)
(314, 242)
(313, 241)
(313, 241)
(311, 240)
(311, 240)
(309, 239)
(308, 239)
(308, 239)
(306, 238)
(306, 238)
(305, 237)
(305, 237)
(304, 236)
(303, 236)
(303, 236)
(302, 235)
(302, 235)
(301, 235)
(300, 235)
(300, 235)
(300, 235)
(300, 235)
(300, 235)
(300, 235)
(301, 235)
(301, 235)
(302, 235)
(302, 235)
(302, 235)
(303, 235)
(304, 235)
(304, 235)
(304, 235)
(305, 236)
(305, 236)
(307, 235)
(308, 235)
(308, 235)
(309, 235)
(309, 235)
(309, 235)
(309, 235)
(310, 236)
(310, 236)
(310, 236)
(311, 236)
(311, 236)
(312, 236)
(312, 236)
(314, 236)
(314, 236)
(314, 236)
(314, 236)
(315, 235)
(315, 235)
(315, 235)
(316, 235)
(316, 235)
(314, 235)
(314, 235)
(313, 235)
(313, 235)
(312, 236)
(312, 236)
(311, 237)
(310, 236)
(310, 236)
(310, 236)
(310, 236)
(309, 236)
(309, 236)
(309, 236)
(309, 236)
(309, 236)
(309, 236)
(309, 236)
(309, 236)
(309, 236)
(310, 236)
(310, 236)
(310, 236)
(311, 236)
(311, 236)
(312, 236)
(312, 236)
(312, 236)
(312, 236)
(313, 235)
(315, 235)
(315, 235)
(317, 236)
(317, 236)
(317, 236)
(317, 236)
(317, 236)
(317, 236)
(317, 236)
(317, 236)
(317, 236)
(316, 236)
(316, 236)
(316, 236)
(316, 236)
(316, 236)
(316, 236)
(315, 236)
(315, 236)
(315, 236)
(314, 235)
(314, 235)
(313, 235)
(313, 235)
(312, 235)
(312, 235)
(312, 236)
(312, 236)
(312, 236)
(312, 236)
(312, 236)
(312, 236)
(312, 236)
(312, 236)
(312, 236)
(313, 236)
(314, 236)
(314, 236)
(315, 237)
(315, 237)
(316, 237)
(316, 237)
(317, 236)
(318, 237)
(318, 237)
(318, 237)
(318, 237)
(319, 237)
(319, 237)
(319, 237)
(319, 238)
(319, 238)
(319, 237)
(319, 237)
(319, 237)
(319, 237)
(319, 237)
(319, 237)
(319, 237)
(319, 237)
(319, 236)
(318, 236)
(318, 236)
(317, 235)
(317, 235)
(316, 235)
(316, 235)
(315, 235)
(315, 235)
(314, 234)
(314, 234)
(314, 234)
(313, 235)
(313, 235)
(313, 235)
(313, 235)
(313, 235)
(313, 235)
(313, 235)
(313, 235)
(313, 235)
(314, 235)
(314, 236)
(314, 236)
(315, 235)
(315, 235)
(316, 236)
(317, 236)
(317, 236)
(318, 237)
(318, 237)
(319, 237)
(319, 237)
(319, 237)
(319, 238)
(319, 238)
(320, 238)
(320, 238)
(319, 238)
(319, 238)
(319, 238)
(318, 237)
(319, 237)
(319, 237)
(318, 237)
(318, 237)
(317, 236)
(317, 236)
(316, 236)
(315, 235)
(315, 235)
(315, 235)
(315, 235)
(314, 234)
(313, 234)
(313, 234)
(313, 234)
(313, 234)
(312, 234)
(312, 234)
(312, 234)
(312, 234)
(312, 234)
(312, 235)
(312, 236)
(312, 236)
(313, 239)
(313, 239)
(314, 239)
(314, 239)
(315, 240)
(316, 242)
(316, 242)
(318, 243)
(319, 244)
(319, 244)
(319, 245)
(319, 245)
(320, 245)
(320, 245)
(321, 246)
(322, 246)
(322, 246)
(322, 246)
(322, 246)
(322, 246)
(322, 245)
(322, 245)
(323, 238)
(323, 238)
(322, 235)
(321, 235)
(321, 235)
(320, 234)
(320, 234)
(319, 233)
(318, 233)
(318, 233)
(317, 233)
(317, 233)
(316, 233)
(313, 234)
(313, 234)
(313, 234)
(313, 234)
(312, 235)
(312, 235)
(313, 236)
(313, 236)
(313, 236)
(313, 237)
(313, 237)
(315, 239)
(315, 241)
(315, 241)
(316, 241)
(316, 241)
(317, 242)
(317, 242)
(318, 242)
(319, 243)
(319, 243)
(319, 244)
(319, 244)
(320, 245)
(320, 245)
(321, 246)
(322, 246)
(322, 246)
(322, 246)
(322, 246)
(322, 246)
(322, 246)
(322, 246)
(321, 245)
(321, 245)
(321, 245)
(320, 245)
(320, 245)
(319, 244)
(319, 244)
(318, 244)
(318, 244)
(317, 243)
(316, 243)
(316, 243)
(316, 242)
(316, 242)
(315, 242)
(315, 242)
(315, 242)
(314, 242)
(314, 242)
(314, 242)
(314, 242)
(314, 242)
(314, 242)
(314, 242)
(315, 243)
(315, 243)
(316, 243)
(316, 243)
(316, 244)
(317, 244)
(317, 244)
(318, 245)
(318, 245)
(319, 245)
(320, 246)
(320, 246)
(321, 246)
(321, 246)
(321, 246)
(321, 246)
(322, 246)
(322, 246)
(323, 238)
(323, 238)
(323, 237)
(323, 237)
(323, 237)
(322, 236)
(321, 236)
(322, 236)
(321, 235)
(321, 235)
(320, 235)
(320, 235)
(319, 234)
(319, 234)
(317, 234)
(316, 235)
(316, 235)
(316, 234)
(316, 234)
(315, 234)
(315, 234)
(314, 234)
(314, 234)
(315, 234)
(315, 234)
(315, 234)
(315, 234)
(315, 234)
(315, 235)
(315, 235)
(315, 236)
(315, 236)
(316, 237)
(316, 237)
(316, 237)
(316, 240)
(316, 240)
(318, 242)
(318, 242)
(318, 243)
(318, 243)
(319, 245)
(319, 245)
(320, 245)
(320, 245)
(321, 245)
(321, 245)
(321, 245)
(321, 245)
(321, 245)
(321, 245)
(321, 245)
(321, 245)
(321, 245)
(321, 245)
(320, 245)
(320, 245)
(320, 244)
(320, 244)
(319, 244)
(319, 244)
(318, 244)
(318, 244)
(317, 244)
(317, 244)
(317, 243)
(316, 243)
(316, 243)
(315, 243)
(315, 243)
(315, 243)
(315, 243)
(315, 244)
(315, 244)
(315, 244)
(315, 244)
(315, 244)
(315, 244)
(315, 244)
(316, 245)
(316, 245)
(317, 245)
(317, 245)
(318, 246)
(319, 246)
(319, 246)
(319, 247)
(319, 247)
(320, 246)
(320, 246)
(321, 246)
(321, 246)
(321, 246)
(321, 246)
(322, 246)
(324, 242)
(324, 242)
(324, 239)
(324, 239)
(324, 239)
(324, 239)
(324, 238)
(324, 238)
(324, 238)
(323, 237)
(323, 237)
(322, 237)
(322, 237)
(320, 236)
(320, 236)
(320, 234)
(320, 234)
(319, 234)
(319, 234)
(317, 233)
(317, 233)
(317, 233)
(316, 233)
(316, 233)
(315, 233)
(315, 233)
(315, 233)
(313, 234)
(313, 234)
(312, 235)
(312, 235)
(313, 237)
(313, 237)
(313, 237)
(314, 238)
(314, 238)
(315, 239)
(316, 241)
(316, 241)
(317, 242)
(317, 242)
(318, 243)
(318, 243)
(319, 243)
(319, 243)
(319, 243)
(320, 244)
(320, 244)
(320, 244)
(320, 244)
(321, 244)
(321, 245)
(321, 245)
(320, 244)
(320, 244)
(320, 244)
(320, 244)
(319, 244)
(319, 244)
(319, 243)
(318, 243)
(318, 243)
(317, 243)
(317, 243)
(317, 242)
(317, 242)
(316, 242)
(316, 242)
(316, 242)
(315, 242)
(315, 242)
(315, 242)
(315, 242)
(315, 242)
(315, 242)
(315, 242)
(315, 242)
(315, 242)
(315, 243)
(316, 243)
(316, 243)
(316, 244)
(316, 244)
(317, 245)
(318, 245)
(318, 245)
(319, 246)
(319, 246)
(320, 246)
(320, 246)
(320, 247)
(320, 247)
(321, 247)
(321, 247)
(321, 246)
(322, 247)
(322, 247)
(322, 247)
(322, 247)
(322, 247)
(322, 247)
(322, 246)
(323, 238)
(323, 238)
(321, 234)
(321, 234)
(320, 234)
(320, 234)
(319, 234)
(318, 233)
(318, 233)
(316, 233)
(316, 233)
(315, 233)
(315, 233)
(314, 233)
(314, 233)
(312, 234)
(311, 236)
(311, 236)
(311, 239)
(311, 239)
(310, 239)
(310, 239)
(310, 239)
(310, 240)
(310, 240)
(310, 242)
(310, 242)
(310, 245)
(310, 245)
(310, 245)
(310, 245)
(312, 246)
(312, 246)
(312, 246)
(312, 246)
(312, 246)
(312, 247)
(312, 247)
(312, 248)
(312, 248)
(313, 248)
(313, 247)
(313, 247)
(315, 247)
(315, 247)
(316, 242)
(316, 242)
(318, 238)
(318, 238)
(318, 238)
(319, 237)
(319, 237)
(319, 236)
(319, 236)
(321, 235)
(321, 235)
(320, 234)
(321, 233)
(321, 233)
(323, 232)
(323, 232)
(324, 232)
(324, 232)
(325, 232)
(325, 232)
(326, 232)
(327, 232)
(327, 232)
(325, 235)
(325, 235)
(327, 240)
(327, 240)
(329, 239)
(329, 239)
(329, 240)
(329, 240)
(330, 240)
(332, 239)
(332, 239)
(332, 239)
(332, 239)
(333, 239)
(334, 239)
(334, 239)
(334, 239)
(334, 239)
(335, 239)
(335, 239)
(336, 237)
(336, 237)
(336, 237)
(336, 237)
(337, 237)
(337, 237)
(337, 237)
(338, 237)
(339, 237)
(339, 237)
(340, 237)
(340, 237)
(341, 237)
(341, 237)
(342, 237)
(342, 237)
(344, 237)
(345, 237)
(345, 237)
(345, 237)
(345, 237)
(346, 236)
(346, 236)
(347, 236)
(348, 236)
(348, 236)
(349, 236)
(349, 236)
(349, 236)
(349, 236)
(350, 235)
(350, 236)
(351, 235)
(351, 234)
(351, 234)
(352, 234)
(352, 234)
(352, 234)
(352, 234)
(352, 234)
(352, 234)
(352, 234)
(352, 234)
(352, 234)
(352, 235)
(352, 235)
(352, 235)
(352, 235)
(352, 234)
(352, 234)
(352, 234)
(351, 234)
(351, 234)
(351, 234)
(351, 234)
(351, 234)
(351, 234)
(351, 235)
(350, 235)
(350, 235)
(350, 235)
(350, 235)
(349, 235)
(349, 235)
(348, 235)
(348, 235)
(349, 235)
(349, 235)
(349, 235)
(348, 235)
(348, 235)
(346, 236)
(346, 236)
(344, 236)
(344, 236)
(342, 236)
(340, 236)
(339, 237)
(339, 237)
(339, 238)
(339, 238)
(337, 238)
(337, 238)
(335, 238)
(335, 238)
(334, 238)
(334, 238)
(334, 238)
(335, 238)
(335, 238)
(334, 239)
(334, 239)
(334, 239)
(334, 239)
(334, 239)
(334, 239)
(332, 239)
(330, 239)
(330, 239)
(328, 240)
(328, 240)
(328, 240)
(328, 240)
(328, 239)
(328, 239)
(327, 239)
(327, 239)
(327, 239)
(326, 239)
(326, 239)
(325, 240)
(325, 240)
(325, 240)
(325, 240)
(325, 240)
(324, 240)
(324, 240)
(325, 240)
(325, 240)
(324, 240)
(324, 240)
(324, 240)
(324, 240)
(324, 240)
(324, 240)
(324, 240)
(324, 240)
(324, 240)
(324, 240)
(324, 240)
(324, 240)
(324, 240)
(324, 240)
(324, 240)
(324, 240)
(324, 240)
(324, 240)
(324, 240)
(324, 240)
(324, 240)
(324, 240)
(324, 240)
(324, 240)
(324, 240)
(324, 240)
(324, 240)
(324, 240)
(324, 240)
(324, 240)
(324, 240)
(324, 240)
(324, 240)
(324, 240)
(324, 240)
(324, 240)
(323, 240)
(323, 240)
(323, 240)
(323, 240)
(324, 240)
(324, 240)
(324, 240)
(324, 240)
(324, 240)
(324, 240)
(324, 240)
(323, 240)
(323, 240)
(323, 240)
(323, 241)
(323, 241)
(323, 241)
(323, 241)
(322, 240)
(322, 240)
(322, 240)
(322, 240)
(322, 240)
(322, 240)
(322, 240)
(322, 240)
(322, 240)
(322, 240)
(322, 240)
(322, 240)
(322, 240)
(322, 240)
(322, 240)
(322, 240)
(322, 240)
(322, 240)
(322, 240)
(323, 240)
(323, 241)
(323, 240)
(323, 240)
(324, 241)
(324, 241)
(325, 241)
(325, 241)
(325, 241)
(325, 242)
(325, 242)
(326, 242)
(326, 242)
(326, 242)
(326, 242)
(326, 242)
(326, 242)
(326, 242)
(326, 242)
(326, 242)
(325, 241)
(325, 241)
(325, 241)
(325, 241)
(324, 240)
(324, 239)
(324, 239)
(323, 239)
(323, 239)
(322, 239)
(321, 239)
(321, 239)
(320, 239)
(320, 239)
(320, 239)
(319, 239)
(319, 239)
(319, 239)
(319, 239)
(320, 239)
(320, 240)
(320, 240)
(321, 240)
(321, 240)
(322, 240)
(323, 241)
(323, 241)
(324, 241)
(324, 241)
(324, 242)
(324, 242)
(324, 242)
(324, 242)
(325, 243)
(325, 243)
(325, 243)
(325, 243)
(325, 243)
(325, 243)
(325, 243)
(325, 243)
(325, 243)
(325, 242)
(325, 242)
(325, 242)
(325, 242)
(324, 242)
(324, 242)
(323, 241)
(323, 240)
(323, 240)
(321, 239)
(321, 239)
(319, 239)
(319, 239)
(317, 238)
(317, 238)
(317, 238)
(315, 238)
(315, 238)
(314, 238)
(314, 238)
(313, 239)
(312, 239)
(312, 239)
(311, 239)
(311, 239)
(311, 239)
(311, 239)
(310, 241)
(310, 241)
(310, 241)
(310, 241)
(310, 241)
(310, 242)
(310, 242)
(310, 242)
(310, 242)
(310, 242)
(310, 242)
(311, 243)
(311, 243)
(311, 243)
(312, 243)
(312, 243)
(312, 243)
(312, 243)
(313, 243)
(313, 243)
(313, 243)
(313, 243)
(312, 243)
(312, 243)
(312, 243)
(313, 243)
(313, 243)
(313, 243)
(313, 242)
(313, 242)
(313, 243)
(313, 243)
(315, 243)
(315, 243)
(315, 243)
(316, 243)
(316, 243)
(316, 242)
(317, 242)
(318, 242)
(317, 242)
(317, 242)
(318, 243)
(318, 243)
(317, 242)
(317, 242)
(317, 242)
(317, 242)
(317, 241)
(317, 241)
(317, 241)
(317, 241)
(317, 241)
(317, 240)
(317, 240)
(317, 240)
(317, 240)
(316, 239)
(316, 239)
(317, 238)
(317, 237)
(317, 237)
(318, 237)
(318, 237)
(318, 236)
(318, 236)
(319, 235)
(319, 235)
(319, 235)
(319, 235)
(319, 235)
(320, 234)
(320, 234)
(320, 234)
(320, 234)
(321, 233)
(320, 234)
(320, 234)
(320, 233)
(320, 233)
(321, 233)
(321, 233)
(320, 233)
(320, 233)
(320, 233)
(320, 234)
(320, 234)
(320, 240)
(320, 240)
(320, 240)
(320, 240)
(320, 240)
(319, 240)
(319, 240)
(318, 240)
(318, 240)
(317, 240)
(317, 241)
(317, 241)
(316, 242)
(316, 242)
(316, 242)
(317, 242)
(317, 242)
(315, 242)
(315, 243)
(315, 243)
(314, 244)
(315, 244)
(314, 244)
(313, 246)
(313, 246)
(313, 246)
(312, 246)
(312, 246)
(312, 247)
(312, 247)
(311, 247)
(311, 247)
(311, 247)
(312, 248)
(311, 248)
(311, 248)
(312, 241)
(312, 241)
(312, 240)
(312, 240)
(312, 240)
(313, 240)
(314, 240)
(314, 240)
(315, 240)
(315, 241)
(315, 241)
(316, 241)
(317, 241)
(317, 241)
(318, 240)
(319, 241)
(319, 241)
(320, 240)
(321, 240)
(321, 240)
(321, 240)
(322, 240)
(322, 240)
(322, 240)
(323, 240)
(323, 240)
(323, 240)
(323, 240)
(324, 240)
(324, 240)
(324, 240)
(324, 240)
(324, 240)
(324, 239)
(324, 239)
(324, 239)
(324, 239)
(324, 239)
(324, 239)
(324, 238)
(324, 238)
(324, 238)
(324, 238)
(324, 238)
(324, 238)
(324, 238)
(325, 238)
(325, 238)
(325, 239)
(325, 239)
(326, 239)
(327, 238)
(328, 239)
(328, 239)
(327, 239)
(327, 239)
(328, 239)
(329, 239)
(329, 239)
(329, 239)
(329, 239)
(329, 239)
(329, 239)
(329, 239)
(329, 239)
(329, 239)
(328, 238)
(328, 238)
(328, 238)
(328, 238)
(327, 238)
(327, 238)
(326, 237)
(326, 237)
(327, 237)
(326, 237)
(326, 237)
(325, 237)
(325, 237)
(325, 237)
(325, 237)
(325, 237)
(324, 237)
(324, 237)
(324, 237)
(324, 238)
(325, 238)
(325, 238)
(325, 239)
(325, 239)
(326, 239)
(326, 239)
(326, 239)
(327, 240)
(327, 240)
(327, 240)
(327, 240)
(328, 240)
(328, 240)
(328, 239)
(328, 239)
(328, 239)
(328, 239)
(328, 239)
(328, 239)
(328, 239)
(327, 238)
(327, 238)
(327, 238)
(327, 237)
(327, 237)
(326, 237)
(326, 237)
(326, 237)
(325, 237)
(325, 237)
(325, 237)
(325, 237)
(324, 237)
(324, 237)
(323, 237)
(323, 237)
(324, 237)
(324, 237)
(324, 237)
(324, 237)
(324, 237)
(325, 238)
(325, 238)
(325, 238)
(326, 239)
(326, 239)
(327, 239)
(327, 239)
(327, 240)
(327, 240)
(328, 240)
(329, 240)
(329, 240)
(330, 241)
(330, 241)
(331, 241)
(331, 241)
(331, 239)
(331, 239)
(330, 239)
(330, 239)
(330, 239)
(330, 239)
(330, 239)
(330, 238)
(330, 238)
(329, 238)
(329, 238)
(329, 237)
(329, 237)
(328, 237)
(327, 237)
(327, 237)
(326, 236)
(326, 236)
(324, 236)
(324, 236)
(323, 237)
(323, 237)
(321, 237)
(321, 237)
(320, 236)
(320, 237)
(320, 237)
(319, 236)
(319, 236)
(320, 237)
(320, 237)
(320, 237)
(320, 238)
(320, 238)
(320, 239)
(320, 239)
(320, 239)
(320, 239)
(321, 240)
(322, 242)
(322, 242)
(323, 243)
(323, 243)
(325, 244)
(326, 245)
(326, 245)
(328, 245)
(328, 245)
(330, 246)
(330, 246)
(333, 245)
(334, 245)
(334, 245)
(336, 245)
(338, 245)
(338, 245)
(340, 244)
(341, 244)
(341, 244)
(339, 245)
(339, 245)
(339, 245)
(339, 245)
(339, 245)
(339, 245)
(339, 245)
(339, 245)
(339, 245)
(339, 245)
(339, 245)
(339, 245)
(339, 245)
(339, 245)
(338, 245)
(338, 245)
(338, 245)
(339, 245)
(339, 245)
(337, 245)
(336, 246)
(336, 246)
(335, 246)
(335, 246)
(334, 246)
(334, 246)
(334, 246)
(334, 246)
(334, 246)
(332, 247)
(332, 247)
(331, 247)
(331, 247)
(330, 248)
(330, 248)
(330, 248)
(330, 248)
(330, 248)
(331, 248)
(331, 248)
(332, 248)
(333, 248)
(333, 248)
(334, 248)
(334, 249)
(334, 248)
(334, 248)
(334, 245)
(334, 241)
(334, 241)
(335, 241)
(335, 241)
(335, 241)
(335, 241)
(334, 242)
(334, 242)
(333, 242)
(332, 242)
(332, 242)
(332, 242)
(332, 242)
(332, 242)
(332, 242)
(332, 242)
(332, 242)
(332, 242)
(332, 242)
(332, 242)
(332, 242)
(332, 242)
(332, 242)
(332, 242)
(332, 241)
(332, 241)
(332, 241)
(330, 242)
(330, 242)
(327, 242)
(327, 242)
(325, 243)
(325, 243)
(323, 243)
(323, 243)
(323, 243)
(323, 243)
(323, 243)
(323, 244)
(324, 244)
(324, 244)
(325, 244)
(325, 244)
(324, 244)
(324, 244)
(323, 245)
(323, 245)
(324, 245)
(324, 245)
(324, 245)
(324, 245)
(324, 245)
(324, 245)
(324, 245)
(324, 245)
(324, 245)
(324, 245)
(324, 244)
(324, 244)
(324, 244)
(324, 244)
(324, 244)
(324, 244)
(325, 244)
(325, 244)
(325, 244)
(326, 244)
(326, 244)
(326, 244)
(326, 244)
(326, 244)
(325, 244)
(325, 244)
(325, 244)
(325, 244)
(325, 244)
(325, 244)
(325, 244)
(324, 244)
(324, 244)
(324, 244)
(324, 244)
(323, 244)
(323, 244)
(323, 244)
(322, 244)
(322, 244)
(321, 244)
(321, 244)
(321, 244)
(320, 244)
(320, 244)
(318, 244)
(318, 244)
(317, 245)
(316, 245)
(316, 245)
(316, 246)
(316, 246)
(315, 246)
(315, 246)
(315, 246)
(316, 246)
(316, 246)
(316, 246)
(316, 246)
(316, 246)
(316, 246)
(317, 246)
(317, 245)
(317, 245)
(318, 245)
(318, 245)
(318, 245)
(318, 245)
(319, 245)
(319, 245)
(320, 245)
(320, 245)
(321, 245)
(322, 245)
(322, 245)
(324, 244)
(324, 244)
(325, 244)
(325, 244)
(325, 244)
(325, 244)
(326, 244)
(326, 244)
(326, 244)
(326, 245)
(326, 245)
(327, 245)
(327, 245)
(327, 245)
(327, 245)
(327, 245)
(328, 245)
(328, 245)
(328, 245)
(328, 245)
(329, 245)
(329, 245)
(329, 245)
(329, 244)
(329, 244)
(329, 244)
(329, 244)
(329, 244)
(329, 244)
(329, 244)
(329, 244)
(330, 245)
(330, 245)
(330, 244)
(330, 244)
(330, 245)
(330, 245)
(331, 245)
(331, 245)
(331, 245)
(329, 245)
(329, 245)
(328, 245)
(328, 245)
(327, 245)
(327, 245)
(327, 244)
(327, 244)
(327, 244)
(327, 244)
(327, 244)
(327, 243)
(327, 243)
(326, 243)
(326, 243)
(327, 243)
(327, 243)
(327, 243)
(327, 243)
(328, 243)
(328, 244)
(328, 244)
(328, 244)
(328, 244)
(329, 242)
(329, 242)
(328, 242)
(328, 242)
(328, 242)
(328, 242)
(328, 242)
(328, 242)
(328, 242)
(328, 242)
(328, 242)
(328, 242)
(328, 242)
(328, 242)
(328, 242)
(328, 242)
(327, 242)
(327, 242)
(327, 242)
(327, 242)
(327, 243)
(327, 243)
(327, 242)
(327, 242)
(327, 242)
(325, 243)
(325, 243)
(325, 243)
(324, 243)
(323, 244)
(323, 244)
(322, 244)
(322, 244)
(322, 244)
(322, 244)
(322, 244)
(322, 244)
(322, 244)
(322, 244)
(322, 244)
(322, 244)
(322, 244)
(322, 244)
(322, 244)
(322, 244)
(322, 245)
(322, 245)
(322, 245)
(321, 245)
(321, 245)
(321, 245)
(321, 245)
(320, 245)
(320, 245)
(320, 245)
(320, 245)
(320, 245)
(320, 245)
(320, 245)
(320, 245)
(320, 245)
(320, 245)
(320, 245)
(320, 245)
(320, 245)
(320, 245)
(320, 245)
(320, 245)
(320, 245)
(320, 245)
(320, 245)
(320, 245)
(320, 245)
(320, 245)
(320, 245)
(320, 245)
(320, 245)
(320, 245)
(320, 245)
(320, 245)
(320, 245)
(320, 245)
(320, 245)
(320, 245)
(320, 245)
(320, 245)
(320, 245)
(320, 245)
(320, 245)
(319, 245)
(319, 245)
(319, 245)
(319, 245)
(319, 245)
(319, 245)
(319, 245)
(319, 245)
(319, 245)
(319, 245)
(319, 245)
(318, 245)
(318, 245)
(318, 245)
(318, 245)
(318, 245)
(318, 245)
(318, 245)
(318, 244)
(318, 245)
(318, 245)
(318, 245)
(318, 245)
(318, 245)
(319, 246)
(319, 246)
(319, 246)
(319, 246)
(319, 245)
(319, 245)
(319, 245)
(319, 245)
(319, 246)
(319, 246)
(319, 246)
(319, 246)
(319, 246)
(319, 246)
(320, 246)
(320, 246)
(320, 246)
(319, 246)
(319, 246)
(319, 246)
(319, 246)
(319, 245)
(319, 245)
(319, 245)
(319, 244)
(319, 244)
(320, 244)
(319, 244)
(320, 244)
(320, 244)
(320, 244)
(320, 244)
(320, 244)
(320, 244)
(320, 245)
(321, 245)
(321, 245)
(321, 245)
(321, 245)
(321, 245)
(321, 245)
(321, 245)
(321, 245)
(321, 245)
(320, 245)
(320, 245)
(321, 245)
(321, 245)
(321, 245)
(321, 245)
(321, 245)
(322, 242)
(322, 242)
(322, 243)
(322, 243)
(322, 243)
(322, 243)
(322, 243)
(322, 243)
(322, 242)
(322, 242)
(322, 242)
(322, 242)
(322, 242)
(322, 242)
(322, 242)
(321, 242)
(321, 242)
(321, 242)
(320, 242)
(320, 242)
(320, 242)
(320, 242)
(320, 242)
(319, 242)
(319, 242)
(318, 242)
(318, 242)
(318, 242)
(318, 242)
(318, 242)
(318, 242)
(318, 242)
(318, 242)
(318, 242)
(318, 242)
(318, 242)
(318, 242)
(318, 242)
(318, 242)
(318, 242)
(318, 242)
(318, 242)
(318, 242)
(318, 242)
(318, 242)
(318, 242)
(318, 242)
(318, 242)
(318, 242)
(318, 242)
(318, 242)
(318, 242)
(319, 242)
(319, 242)
(319, 242)
(319, 242)
(319, 242)
(319, 242)
(318, 242)
(318, 242)
(319, 242)
(319, 242)
(319, 242)
(319, 242)
(319, 242)
(320, 242)
(320, 243)
(320, 243)
(321, 242)
(321, 242)
(322, 242)
(322, 242)
(322, 242)
(323, 242)
(323, 242)
(324, 241)
(324, 241)
(325, 241)
(325, 241)
(326, 241)
(326, 241)
(327, 241)
(330, 240)
(330, 240)
(331, 240)
(331, 240)
(332, 240)
(332, 240)
(333, 240)
(334, 240)
(334, 240)
(334, 240)
(334, 240)
(334, 240)
(334, 240)
(334, 240)
(334, 240)
(334, 240)
(334, 240)
(334, 240)
(334, 240)
(334, 240)
(334, 240)
(334, 240)
(334, 240)
(334, 240)
(333, 240)
(333, 240)
(333, 240)
(333, 240)
(333, 240)
(333, 240)
(333, 240)
(331, 241)
(331, 241)
(330, 242)
(330, 242)
(330, 242)
(330, 243)
(330, 243)
(330, 243)
(330, 243)
(330, 244)
(330, 244)
(330, 244)
(330, 244)
(330, 244)
(331, 245)
(331, 245)
(331, 245)
(331, 245)
(330, 245)
(330, 245)
(330, 245)
(329, 246)
(329, 246)
(327, 246)
(327, 246)
(327, 246)
(326, 246)
(326, 246)
(324, 243)
(324, 243)
(324, 243)
(324, 243)
(324, 243)
(323, 243)
(323, 243)
(323, 243)
(323, 243)
(323, 243)
(323, 244)
(323, 243)
(323, 243)
(323, 243)
(323, 243)
(323, 243)
(323, 243)
(323, 243)
(323, 243)
(323, 243)
(323, 243)
(323, 243)
(323, 243)
(323, 243)
(323, 243)
(323, 243)
(323, 243)
(323, 243)
(323, 243)
(323, 242)
(323, 242)
(323, 242)
(323, 242)
(323, 242)
(323, 242)
(323, 242)
(322, 242)
(322, 242)
(323, 242)
(323, 242)
(323, 242)
(323, 242)
(323, 242)
(323, 242)
(323, 242)
(323, 242)
(323, 242)
(323, 242)
(322, 242)
(322, 242)
(322, 242)
(322, 242)
(322, 243)
(322, 243)
(322, 242)
(322, 242)
(323, 242)
(323, 242)
(323, 242)
(323, 242)
(323, 242)
(323, 242)
(323, 242)
(323, 242)
(323, 242)
(323, 242)
(323, 242)
(323, 242)
(323, 242)
(322, 242)
(322, 242)
(321, 242)
(321, 242)
(321, 242)
(321, 242)
(320, 242)
(320, 242)
(320, 242)
(320, 242)
(320, 242)
(320, 243)
(320, 243)
(320, 243)
(320, 243)
(320, 243)
(320, 243)
(320, 243)
(320, 243)
(320, 243)
(320, 243)
(320, 243)
(320, 243)
(320, 243)
(320, 243)
(320, 243)
(320, 243)
(320, 243)
(320, 244)
(320, 244)
(319, 244)
(319, 244)
(319, 243)
(319, 243)
(319, 243)
(319, 243)
(319, 243)
(319, 243)
(319, 243)
(319, 243)
(319, 243)
(319, 243)
(319, 243)
(319, 243)
(319, 243)
(319, 244)
(319, 243)
(319, 243)
(319, 243)
(319, 243)
(319, 243)
(319, 243)
(319, 243)
(319, 243)
(319, 243)
(319, 243)
(319, 243)
(319, 243)
(319, 243)
(319, 243)
(319, 243)
(319, 243)
(319, 243)
(319, 243)
(319, 243)
(319, 243)
(319, 244)
(319, 244)
(319, 244)
(319, 244)
(319, 244)
(319, 244)
(319, 243)
(319, 244)
(319, 244)
(319, 243)
(319, 244)
(319, 244)
(319, 244)
(319, 244)
(319, 244)
(319, 244)
(319, 244)
(319, 244)
(319, 244)
(319, 244)
(318, 244)
(318, 244)
(318, 244)
(318, 244)
(318, 244)
(318, 244)
(318, 244)
(318, 244)
(318, 244)
(318, 244)
(318, 244)
(318, 244)
(319, 244)
(319, 244)
(319, 243)
(319, 243)
(319, 243)
(319, 244)
(319, 243)
(319, 243)
(319, 243)
(319, 243)
(319, 244)
(319, 244)
(319, 244)
(319, 244)
(319, 244)
(319, 244)
(319, 244)
(319, 245)
(320, 245)
(320, 245)
(320, 245)
(320, 245)
(320, 245)
(320, 246)
(320, 246)
(320, 246)
(321, 245)
(321, 245)
(321, 245)
(321, 245)
(321, 245)
(321, 245)
(321, 245)
(321, 245)
(321, 245)
(321, 245)
(321, 245)
(320, 245)
(320, 245)
(320, 245)
(320, 245)
(319, 245)
(319, 245)
(318, 245)
(318, 244)
(318, 244)
(317, 244)
(317, 244)
(318, 243)
(317, 243)
(317, 243)
(316, 243)
(316, 243)
(316, 243)
(316, 243)
(316, 243)
(316, 243)
(316, 243)
(316, 243)
(316, 244)
(316, 243)
(316, 243)
(316, 243)
(316, 243)
(317, 243)
(317, 243)
(317, 244)
(318, 244)
(318, 244)
(319, 245)
(319, 245)
(319, 245)
(319, 245)
(320, 246)
(320, 246)
(321, 246)
(321, 246)
(321, 247)
(322, 247)
(322, 247)
(322, 247)
(322, 248)
(322, 248)
(322, 248)
(322, 248)
(323, 248)
(323, 248)
(323, 248)
(323, 247)
(323, 247)
(323, 247)
(323, 247)
(323, 247)
(323, 247)
(322, 247)
(322, 247)
(321, 247)
(321, 247)
(322, 244)
(322, 244)
(320, 238)
(320, 238)
(320, 238)
(319, 238)
(319, 238)
(318, 237)
(318, 237)
(317, 238)
(316, 238)
(316, 238)
(315, 239)
(315, 239)
(315, 239)
(315, 239)
(315, 239)
(315, 238)
(315, 238)
(315, 238)
(314, 239)
(314, 239)
(314, 239)
(314, 239)
(314, 239)
(314, 240)
(314, 240)
(315, 240)
(315, 240)
(315, 240)
(316, 240)
(316, 240)
(317, 241)
(317, 241)
(316, 240)
(316, 240)
(317, 240)
(318, 241)
(318, 241)
(318, 240)
(318, 241)
(318, 241)
(317, 241)
(317, 241)
(317, 242)
(317, 242)
(317, 242)
(317, 242)
(317, 242)
(317, 242)
(317, 242)
(317, 241)
(317, 241)
(317, 241)
(317, 241)
(317, 241)
(316, 241)
(316, 241)
(316, 241)
(315, 240)
(315, 240)
(314, 240)
(314, 240)
(314, 240)
(314, 240)
(313, 240)
(313, 240)
(312, 240)
(312, 240)
(312, 240)
(312, 239)
(312, 239)
(312, 239)
(312, 239)
(312, 240)
(312, 240)
(312, 240)
(312, 240)
(312, 240)
(313, 240)
(313, 240)
(313, 240)
(313, 240)
(314, 241)
(314, 241)
(314, 241)
(314, 241)
(315, 241)
(316, 242)
(316, 242)
(316, 242)
(316, 242)
(317, 242)
(317, 242)
(317, 242)
(318, 242)
(318, 242)
(318, 242)
(318, 242)
(318, 242)
(318, 242)
(318, 242)
(318, 242)
(318, 243)
(318, 243)
(318, 243)
(318, 243)
(318, 243)
(317, 242)
(317, 242)
(316, 242)
(316, 242)
(316, 243)
(316, 243)
(316, 243)
(315, 242)
(315, 242)
(315, 242)
(315, 242)
(314, 242)
(314, 242)
(314, 242)
(314, 241)
(314, 241)
(314, 241)
(314, 241)
(314, 241)
(314, 241)
(313, 241)
(314, 242)
(314, 242)
(314, 242)
(314, 242)
(314, 242)
(314, 242)
(314, 242)
(315, 243)
(315, 243)
(315, 243)
(315, 243)
(315, 243)
(315, 243)
(316, 243)
(316, 244)
(316, 244)
(317, 244)
(317, 244)
(317, 244)
(317, 244)
(318, 244)
(318, 244)
(318, 244)
(318, 244)
(318, 244)
(318, 244)
(318, 244)
(317, 244)
(317, 244)
(317, 244)
(317, 244)
(317, 244)
(316, 243)
(316, 243)
(315, 243)
(315, 243)
(315, 243)
(315, 243)
(314, 243)
(314, 243)
(314, 243)
(314, 243)
(314, 243)
(313, 243)
(313, 242)
(313, 242)
(313, 242)
(313, 242)
(313, 242)
(313, 242)
(313, 243)
(313, 243)
(313, 243)
(314, 243)
(314, 243)
(314, 243)
(314, 243)
(314, 244)
(315, 244)
(315, 244)
(316, 244)
(316, 244)
(316, 244)
(316, 244)
(317, 245)
(317, 245)
(318, 245)
(318, 245)
(318, 245)
(318, 245)
(318, 245)
(318, 245)
(318, 245)
(318, 245)
(318, 245)
(318, 246)
(317, 246)
(317, 246)
(318, 246)
(318, 246)
(317, 245)
(317, 245)
(316, 245)
(315, 244)
(315, 244)
(314, 243)
(314, 243)
(313, 242)
(313, 242)
(312, 242)
(313, 243)
(313, 243)
(312, 242)
(312, 242)
(311, 242)
(311, 242)
(311, 242)
(311, 242)
(311, 242)
(311, 242)
(311, 242)
(311, 242)
(311, 242)
(311, 242)
(311, 243)
(311, 243)
(312, 243)
(312, 243)
(312, 243)
(312, 243)
(313, 243)
(314, 244)
(314, 244)
(314, 243)
(314, 243)
(315, 243)
(318, 242)
(318, 242)
(319, 243)
(319, 243)
(319, 243)
(319, 243)
(320, 244)
(320, 244)
(320, 244)
(321, 244)
(321, 244)
(321, 244)
(321, 244)
(320, 244)
(320, 244)
(320, 243)
(320, 243)
(321, 242)
(321, 242)
(320, 242)
(320, 242)
(320, 242)
(319, 241)
(319, 241)
(319, 241)
(319, 241)
(318, 241)
(318, 241)
(317, 241)
(317, 241)
(316, 240)
(316, 240)
(316, 240)
(315, 239)
(315, 239)
(314, 239)
(314, 239)
(314, 239)
(313, 239)
(313, 239)
(313, 239)
(313, 239)
(313, 239)
(313, 239)
(313, 239)
(313, 239)
(314, 240)
(314, 240)
(314, 240)
(315, 240)
(315, 240)
(315, 241)
(316, 241)
(316, 241)
(316, 242)
(316, 242)
(317, 242)
(317, 242)
(317, 242)
(318, 243)
(318, 243)
(317, 244)
(318, 244)
(318, 244)
(318, 244)
(318, 244)
(318, 244)
(318, 244)
(318, 244)
(318, 244)
(318, 244)
(318, 244)
(318, 244)
(318, 244)
(318, 244)
(317, 244)
(317, 243)
(317, 243)
(316, 243)
(315, 242)
(315, 242)
(315, 242)
(315, 242)
(314, 241)
(313, 242)
(313, 242)
(312, 242)
(312, 242)
(311, 241)
(311, 241)
(310, 241)
(310, 241)
(310, 241)
(309, 241)
(309, 241)
(309, 241)
(309, 241)
(309, 241)
(309, 241)
(309, 241)
(309, 241)
(309, 241)
(309, 241)
(309, 241)
(309, 241)
(309, 241)
(309, 241)
(310, 241)
(310, 242)
(310, 242)
(311, 242)
(311, 242)
(311, 243)
(311, 243)
(312, 243)
(312, 243)
(313, 243)
(313, 243)
(313, 243)
(313, 243)
(313, 243)
(313, 243)
(313, 243)
(313, 243)
(313, 243)
(313, 243)
(313, 243)
(313, 243)
(313, 243)
(313, 243)
(313, 243)
(312, 242)
(312, 242)
(312, 242)
(312, 242)
(312, 242)
(312, 242)
(312, 242)
(312, 242)
(311, 242)
(311, 241)
(311, 241)
(312, 241)
(312, 241)
(312, 241)
(312, 241)
(312, 241)
(312, 241)
(311, 241)
(311, 241)
(311, 241)
(312, 241)
(312, 242)
(312, 242)
(312, 242)
(312, 242)
(312, 242)
(313, 243)
(313, 243)
(313, 243)
(314, 243)
(314, 243)
(314, 243)
(314, 243)
(314, 244)
(314, 244)
(314, 244)
(315, 244)
(315, 244)
(315, 244)
(315, 244)
(315, 244)
(315, 244)
(315, 244)
(315, 244)
(314, 244)
(314, 244)
(314, 244)
(314, 244)
(314, 244)
(314, 244)
(314, 244)
(314, 244)
(314, 244)
(314, 244)
(314, 244)
(314, 244)
(314, 244)
(314, 244)
(314, 244)
(315, 244)
(316, 244)
(316, 244)
(316, 244)
(316, 244)
(317, 244)
(317, 244)
(316, 245)
(316, 245)
(316, 245)
(316, 245)
(316, 245)
(317, 245)
(317, 245)
(317, 245)
(317, 245)
(317, 245)
(317, 245)
(317, 245)
(317, 245)
(317, 245)
(316, 245)
(316, 245)
(316, 245)
(316, 245)
(317, 245)
(316, 244)
(316, 244)
(316, 244)
(316, 244)
(316, 244)
(316, 244)
(316, 244)
(316, 244)
(317, 244)
(316, 244)
(316, 244)
(316, 244)
(316, 244)
(316, 245)
(316, 245)
(316, 246)
(316, 246)
(317, 246)
(317, 247)
(318, 247)
(318, 247)
(318, 247)
(318, 247)
(318, 248)
(318, 248)
(319, 248)
(320, 249)
(320, 249)
(320, 249)
(320, 249)
(320, 249)
(320, 249)
(321, 250)
(321, 250)
(321, 250)
(321, 250)
(321, 250)
(321, 250)
(323, 246)
(323, 246)
(323, 242)
(323, 242)
(323, 242)
(323, 242)
(323, 242)
(323, 242)
(323, 242)
(323, 242)
(323, 242)
(322, 241)
(322, 241)
(322, 241)
(321, 241)
(321, 241)
(321, 241)
(321, 241)
(320, 240)
(319, 240)
(319, 240)
(319, 240)
(319, 240)
(319, 239)
(319, 239)
(319, 239)
(319, 239)
(319, 239)
(318, 239)
(318, 239)
(318, 239)
(318, 239)
(318, 239)
(319, 239)
(319, 239)
(318, 239)
(317, 239)
(317, 239)
(318, 240)
(318, 240)
(318, 240)
(317, 240)
(317, 240)
(318, 241)
(318, 241)
(318, 241)
(318, 241)
(319, 242)
(320, 242)
(320, 242)
(320, 243)
(320, 243)
(320, 243)
(321, 243)
(321, 243)
(321, 244)
(322, 244)
(322, 244)
(322, 244)
(322, 244)
(322, 244)
(322, 244)
(322, 244)
(322, 244)
(322, 244)
(322, 244)
(322, 244)
(321, 243)
(321, 243)
(321, 243)
(321, 243)
(320, 242)
(320, 242)
(320, 242)
(319, 241)
(318, 241)
(318, 241)
(318, 240)
(318, 240)
(317, 240)
(317, 240)
(316, 239)
(315, 239)
(314, 239)
(314, 239)
(313, 238)
(313, 238)
(312, 238)
(312, 238)
(311, 237)
(311, 237)
(310, 236)
(310, 236)
(309, 236)
(309, 236)
(309, 236)
(309, 236)
(308, 235)
(308, 235)
(307, 235)
(307, 235)
(307, 235)
(307, 235)
(307, 235)
(307, 235)
(307, 235)
(307, 235)
(308, 236)
(308, 236)
(308, 236)
(308, 236)
(308, 236)
(309, 236)
(309, 236)
(309, 237)
(310, 237)
(310, 237)
(311, 237)
(311, 237)
(311, 238)
(311, 238)
(311, 238)
(311, 238)
(311, 238)
(312, 239)
(312, 239)
(312, 239)
(313, 239)
(313, 239)
(313, 239)
(313, 240)
(313, 240)
(313, 240)
(313, 240)
(313, 239)
(313, 239)
(312, 239)
(312, 239)
(312, 239)
(312, 239)
(312, 239)
(311, 239)
(311, 239)
(310, 238)
(310, 238)
(310, 239)
(310, 239)
(309, 238)
(308, 238)
(308, 238)
(307, 237)
(307, 237)
(306, 237)
(306, 237)
(306, 237)
(306, 237)
(306, 236)
(305, 236)
(305, 236)
(306, 236)
(306, 236)
(306, 236)
(306, 236)
(305, 236)
(306, 236)
(306, 236)
(306, 236)
(306, 236)
(306, 236)
(307, 236)
(307, 236)
(307, 237)
(307, 237)
(309, 237)
(309, 237)
(309, 238)
(309, 238)
(310, 238)
(310, 238)
(310, 238)
(311, 239)
(311, 239)
(312, 239)
(313, 239)
(313, 239)
(315, 239)
(315, 239)
(317, 239)
(317, 239)
(320, 238)
(320, 238)
(321, 237)
(322, 237)
(322, 237)
(321, 237)
(321, 237)
(321, 237)
(321, 237)
(321, 236)
(321, 236)
(321, 236)
(320, 235)
(320, 235)
(319, 234)
(319, 234)
(319, 235)
(319, 235)
(318, 234)
(318, 234)
(318, 234)
(317, 234)
(317, 234)
(317, 234)
(317, 234)
(317, 234)
(317, 234)
(317, 234)
(317, 234)
(317, 234)
(317, 234)
(318, 235)
(318, 235)
(319, 241)
(319, 241)
(320, 241)
(320, 241)
(320, 242)
(321, 242)
(321, 242)
(322, 242)
(322, 242)
(323, 243)
(323, 244)
(323, 244)
(324, 244)
(325, 244)
(325, 244)
(325, 244)
(325, 244)
(326, 244)
(326, 244)
(326, 245)
(326, 245)
(326, 245)
(326, 244)
(326, 244)
(326, 244)
(325, 244)
(325, 244)
(325, 244)
(325, 244)
(324, 243)
(323, 244)
(323, 244)
(322, 244)
(322, 244)
(321, 243)
(321, 243)
(321, 243)
(320, 242)
(320, 242)
(319, 242)
(319, 242)
(318, 242)
(318, 242)
(317, 241)
(317, 241)
(317, 241)
(316, 241)
(316, 241)
(316, 241)
(316, 241)
(316, 241)
(317, 241)
(317, 241)
(318, 241)
(318, 241)
(318, 241)
(318, 241)
(318, 241)
(318, 242)
(318, 242)
(318, 242)
(318, 242)
(319, 242)
(319, 242)
(320, 243)
(321, 243)
(321, 243)
(322, 243)
(322, 243)
(322, 244)
(323, 244)
(323, 244)
(324, 244)
(324, 244)
(324, 245)
(324, 245)
(325, 245)
(325, 245)
(325, 245)
(325, 244)
(325, 244)
(325, 244)
(325, 244)
(325, 244)
(325, 244)
(325, 244)
(324, 244)
(324, 244)
(324, 244)
(324, 244)
(323, 244)
(323, 244)
(322, 243)
(322, 243)
(321, 243)
(320, 243)
(320, 243)
(320, 243)
(319, 243)
(318, 242)
(318, 242)
(317, 242)
(317, 242)
(317, 242)
(316, 242)
(316, 242)
(316, 241)
(316, 241)
(315, 241)
(315, 241)
(315, 241)
(315, 241)
(315, 241)
(315, 241)
(315, 241)
(315, 241)
(315, 241)
(316, 242)
(316, 242)
(316, 242)
(317, 242)
(317, 242)
(318, 243)
(318, 243)
(319, 243)
(319, 243)
(319, 244)
(319, 244)
(320, 243)
(322, 244)
(322, 244)
(323, 244)
(323, 244)
(324, 245)
(324, 245)
(325, 245)
(326, 245)
(326, 246)
(326, 246)
(327, 246)
(328, 246)
(328, 246)
(328, 246)
(328, 246)
(328, 246)
(329, 246)
(331, 241)
(331, 241)
(332, 237)
(332, 237)
(332, 237)
(333, 237)
(334, 237)
(334, 237)
(335, 236)
(336, 236)
(336, 236)
(337, 236)
(337, 236)
(337, 237)
(337, 237)
(337, 237)
(338, 238)
(338, 238)
(339, 238)
(339, 239)
(339, 239)
(339, 239)
(340, 239)
(340, 239)
(340, 238)
(340, 239)
(340, 239)
(340, 240)
(340, 240)
(341, 239)
(341, 239)
(341, 239)
(341, 240)
(341, 240)
(341, 240)
(341, 240)
(341, 240)
(341, 239)
(341, 239)
(341, 239)
(341, 239)
(340, 240)
(340, 240)
(340, 240)
(339, 240)
(339, 240)
(338, 240)
(337, 240)
(337, 240)
(336, 239)
(336, 239)
(335, 239)
(335, 239)
(335, 238)
(334, 238)
(334, 238)
(332, 239)
(331, 238)
(331, 238)
(330, 238)
(330, 238)
(329, 237)
(329, 237)
(327, 237)
(326, 238)
(326, 238)
(324, 238)
(324, 238)
(323, 238)
(320, 238)
(320, 238)
(318, 239)
(318, 239)
(316, 239)
(316, 239)
(313, 239)
(310, 240)
(310, 240)
(306, 240)
(306, 240)
(303, 240)
(300, 241)
(300, 241)
(298, 243)
(298, 242)
(294, 242)
(294, 242)
(290, 243)
(290, 243)
(288, 244)
(285, 245)
(285, 245)
(283, 244)
(283, 244)
(280, 244)
(280, 244)
(278, 243)
(278, 243)
(275, 242)
(273, 241)
(273, 241)
(270, 240)
(269, 238)
(268, 238)
(265, 238)
(265, 238)
(262, 236)
(262, 236)
(259, 235)
(259, 235)
(256, 233)
(252, 232)
(252, 232)
(248, 231)
(248, 231)
(243, 229)
(243, 229)
(239, 228)
(234, 227)
(234, 227)
(228, 227)
(228, 227)
(225, 229)
(225, 229)
(222, 228)
(222, 228)
(221, 227)
(221, 227)
(218, 224)
(217, 222)
(217, 222)
(216, 220)
(216, 220)
(215, 217)
(214, 214)
(214, 214)
(214, 216)
(212, 214)
(210, 212)
(209, 209)
(209, 209)
(208, 207)
(207, 206)
(207, 205)
(207, 205)
(207, 204)
(207, 201)
(207, 201)
(205, 202)
(205, 202)
(205, 201)
(206, 199)
(206, 199)
(207, 199)
(206, 198)
(206, 196)
(206, 196)
(208, 198)
(207, 196)
(207, 196)
(206, 196)
(206, 196)
(208, 195)
(208, 199)
(208, 199)
(208, 201)
(208, 201)
(208, 203)
(210, 206)
(212, 205)
(213, 207)
(213, 207)
(213, 209)
(214, 213)
(214, 215)
(215, 214)
(217, 214)
(217, 214)
(220, 216)
(225, 216)
(230, 217)
(230, 217)
(234, 218)
(237, 218)
(237, 218)
(240, 218)
(244, 218)
(251, 219)
(259, 220)
(259, 220)
(264, 220)
(270, 217)
(270, 217)
(276, 217)
(276, 217)
(282, 220)
(291, 220)
(299, 219)
(308, 217)
(308, 217)
(318, 216)
(328, 218)
(337, 219)
(347, 218)
(347, 218)
(356, 219)
(365, 219)
(374, 221)
(383, 222)
(383, 222)
(393, 224)
(403, 226)
(403, 226)
(413, 227)
(424, 230)
(434, 232)
(434, 232)
(443, 233)
(443, 233)
(453, 236)
(453, 236)
(463, 241)
(471, 244)
(471, 244)
(479, 247)
(479, 247)
(487, 249)
(487, 249)
(493, 252)
(493, 252)
(498, 255)
(501, 259)
(501, 259)
(502, 263)
(502, 263)
(502, 267)
(502, 267)
(498, 266)
(498, 266)
(494, 267)
(492, 270)
(492, 270)
(487, 273)
(487, 273)
(483, 278)
(483, 278)
(480, 279)
(477, 281)
(477, 281)
(471, 285)
(471, 285)
(466, 285)
(466, 285)
(463, 284)
(463, 284)
(458, 286)
(454, 285)
(454, 285)
(449, 285)
(442, 286)
(442, 286)
(436, 283)
(436, 283)
(431, 285)
(431, 285)
(425, 285)
(425, 285)
(420, 282)
(416, 281)
(416, 281)
(410, 280)
(410, 280)
(404, 280)
(404, 280)
(400, 281)
(396, 278)
(396, 278)
(391, 278)
(391, 278)
(387, 279)
(383, 275)
(383, 275)
(379, 275)
(379, 275)
(375, 276)
(371, 270)
(371, 270)
(368, 269)
(368, 269)
(365, 270)
(365, 270)
(363, 270)
(363, 270)
(361, 270)
(357, 271)
(357, 271)
(355, 271)
(355, 271)
(352, 268)
(352, 268)
(350, 268)
(350, 268)
(349, 268)
(349, 268)
(347, 268)
(347, 266)
(347, 266)
(346, 261)
(346, 261)
(343, 262)
(343, 262)
(340, 262)
(340, 262)
(338, 262)
(338, 260)
(338, 260)
(338, 258)
(338, 258)
(337, 258)
(337, 258)
(336, 258)
(336, 258)
(334, 258)
(334, 258)
(333, 258)
(332, 256)
(332, 256)
(332, 254)
(332, 254)
(332, 254)
(332, 254)
(331, 254)
(331, 254)
(331, 254)
(331, 255)
(331, 255)
(331, 255)
(331, 255)
(329, 255)
(329, 255)
(326, 249)
(326, 249)
(324, 249)
(323, 251)
(323, 251)
(322, 251)
(322, 251)
(322, 251)
(322, 251)
(322, 251)
(322, 252)
(322, 252)
(321, 254)
(321, 254)
(321, 255)
(321, 255)
(321, 254)
(321, 254)
(321, 254)
(321, 254)
(321, 254)
(321, 255)
(321, 255)
(321, 255)
(324, 251)
(324, 251)
(324, 250)
(324, 250)
(324, 249)
(324, 249)
(323, 249)
(323, 249)
(323, 249)
(323, 247)
(323, 247)
(322, 244)
(322, 244)
(322, 244)
(322, 244)
(322, 244)
(322, 244)
(322, 244)
(322, 243)
(322, 243)
(322, 244)
(322, 244)
(322, 244)
(322, 244)
(322, 244)
(321, 244)
(321, 244)
(321, 244)
(321, 244)
(321, 244)
(321, 244)
(321, 244)
(321, 244)
(321, 244)
(321, 244)
(321, 244)
(321, 244)
(321, 244)
(321, 244)
(321, 244)
(321, 244)
(321, 244)
(321, 244)
(321, 244)
(321, 244)
(321, 244)
(321, 244)
(321, 244)
(321, 244)
(321, 244)
(321, 244)
(321, 244)
(321, 244)
(321, 244)
(320, 244)
(320, 244)
(320, 244)
(321, 244)
(321, 244)
(320, 244)
(320, 244)
(320, 244)
(320, 244)
(319, 244)
(319, 244)
(319, 244)
(318, 245)
(318, 245)
(317, 245)
(317, 245)
(317, 245)
(317, 245)
(316, 245)
(316, 245)
(316, 245)
(316, 245)
(316, 245)
(317, 244)
(317, 244)
(316, 244)
(316, 244)
(315, 244)
(315, 244)
(314, 245)
(313, 245)
(313, 245)
(312, 246)
(312, 246)
(310, 246)
(311, 246)
(310, 246)
(310, 246)
(309, 246)
(308, 247)
(308, 247)
(307, 248)
(307, 248)
(306, 248)
(306, 248)
(306, 248)
(306, 248)
(306, 248)
(306, 248)
(305, 248)
(305, 248)
(305, 248)
(305, 248)
(305, 248)
(304, 248)
(304, 248)
(304, 248)
(304, 248)
(303, 248)
(303, 248)
(302, 245)
(302, 245)
(301, 243)
(301, 243)
(301, 243)
(301, 243)
(301, 243)
(301, 243)
(301, 243)
(301, 241)
(301, 241)
(302, 241)
(302, 241)
(302, 241)
(302, 241)
(302, 241)
(302, 240)
(302, 240)
(302, 240)
(303, 240)
(303, 240)
(303, 240)
(303, 239)
(303, 240)
(303, 240)
(304, 240)
(304, 240)
(304, 239)
(304, 239)
(304, 239)
(304, 239)
(303, 238)
(303, 238)
(303, 238)
(303, 237)
(303, 237)
(304, 237)
(304, 237)
(304, 236)
(304, 236)
(304, 236)
(304, 236)
(304, 236)
(304, 235)
(304, 235)
(304, 235)
(304, 235)
(304, 235)
(304, 235)
(304, 235)
(304, 235)
(304, 235)
(304, 235)
(303, 235)
(303, 235)
(303, 235)
(303, 235)
(303, 235)
(303, 235)
(303, 235)
(303, 235)
(303, 235)
(303, 234)
(303, 234)
(303, 234)
(303, 235)
(303, 235)
(303, 234)
(303, 234)
(303, 235)
(303, 235)
(303, 235)
(303, 235)
(304, 235)
(304, 235)
(304, 235)
(304, 235)
(304, 235)
(304, 235)
(304, 235)
(304, 235)
(304, 235)
(304, 235)
(304, 235)
(305, 235)
(305, 235)
(307, 232)
(305, 233)
(305, 233)
(305, 234)
(305, 234)
(305, 234)
(305, 234)
(304, 234)
(304, 234)
(306, 239)
(308, 241)
(308, 241)
(308, 243)
(308, 243)
(308, 244)
(308, 244)
(308, 244)
(308, 244)
(309, 243)
(309, 243)
(311, 243)
(311, 243)
(311, 243)
(312, 243)
(312, 243)
(312, 243)
(312, 243)
(311, 243)
(310, 242)
(310, 242)
(310, 241)
(310, 241)
(310, 241)
(310, 241)
(311, 241)
(312, 239)
(312, 239)
(313, 239)
(313, 238)
(314, 238)
(314, 238)
(314, 238)
(314, 238)
(314, 238)
(314, 238)
(314, 238)
(314, 238)
(314, 238)
(314, 237)
(314, 237)
(314, 237)
(314, 237)
(314, 237)
(313, 237)
(313, 237)
(313, 237)
(313, 235)
(313, 235)
(313, 235)
(313, 235)
(312, 235)
(312, 235)
(312, 235)
(311, 235)
(311, 235)
(311, 235)
(310, 234)
(309, 234)
(309, 234)
(309, 233)
(308, 233)
(308, 232)
(307, 232)
(307, 232)
(306, 231)
(305, 232)
(305, 232)
(305, 232)
(304, 231)
(305, 231)
(306, 230)
(306, 230)
(308, 229)
(308, 229)
(310, 228)
(310, 227)
(310, 227)
(309, 228)
(308, 228)
(308, 230)
(308, 230)
(308, 230)
(308, 229)
(307, 229)
(307, 230)
(307, 231)
(307, 231)
(308, 230)
(309, 231)
(309, 231)
(310, 231)
(310, 230)
(311, 231)
(311, 231)
(311, 234)
(311, 234)
(311, 234)
(311, 234)
(311, 234)
(311, 234)
(311, 234)
(311, 234)
(311, 234)
(311, 234)
(311, 234)
(311, 234)
(311, 234)
(311, 234)
(311, 234)
(312, 235)
(314, 235)
(314, 235)
(314, 235)
(314, 235)
(314, 235)
(314, 235)
(314, 235)
(314, 235)
(314, 235)
(314, 235)
(314, 235)
(314, 235)
(314, 235)
(314, 234)
(314, 234)
(315, 234)
(315, 234)
(315, 234)
(316, 234)
(316, 234)
(316, 234)
(316, 234)
(316, 234)
(316, 234)
(316, 235)
(316, 236)
(317, 236)
(317, 236)
(317, 237)
(317, 237)
(317, 237)
(317, 237)
(317, 237)
(317, 237)
(317, 236)
(317, 236)
(317, 236)
(317, 236)
(318, 236)
(318, 236)
(318, 237)
(318, 237)
(318, 237)
(318, 237)
(318, 237)
(318, 237)
(318, 237)
(318, 237)
(318, 237)
(318, 237)
(318, 237)
(318, 237)
(318, 237)
(319, 236)
(319, 236)
(319, 236)
(319, 236)
(319, 236)
(318, 236)
(318, 236)
(318, 236)
(318, 236)
(319, 236)
(319, 236)
(319, 236)
(319, 236)
(320, 236)
(320, 236)
(320, 236)
(320, 236)
(320, 236)
(321, 236)
(321, 236)
(321, 236)
(322, 236)
(322, 235)
(322, 235)
(321, 236)
(321, 236)
(321, 236)
(321, 236)
(320, 236)
(320, 236)
(320, 236)
(320, 236)
(320, 236)
(320, 236)
(320, 236)
(320, 236)
(320, 236)
(320, 236)
(320, 236)
(320, 236)
(320, 236)
(320, 236)
(320, 236)
(320, 235)
(320, 235)
(320, 235)
(320, 234)
(320, 234)
(320, 234)
(320, 234)
(320, 234)
(320, 234)
(320, 234)
(320, 234)
(321, 234)
(321, 234)
(321, 233)
(321, 233)
(321, 233)
(321, 233)
(321, 233)
(322, 233)
(322, 233)
(322, 233)
(322, 232)
(322, 232)
(322, 232)
(321, 231)
(321, 231)
(321, 230)
(321, 230)
(321, 231)
(321, 231)
(321, 231)
(321, 231)
(322, 230)
(322, 231)
(322, 232)
(322, 232)
(322, 232)
(323, 232)
(322, 231)
(322, 231)
(323, 231)
(324, 232)
(324, 231)
(324, 231)
(325, 231)
(325, 231)
(325, 232)
(325, 231)
(325, 231)
(326, 232)
(326, 231)
(326, 231)
(326, 231)
(326, 231)
(326, 231)
(326, 231)
(326, 231)
(325, 231)
(325, 231)
(325, 231)
(325, 231)
(325, 231)
(326, 231)
(326, 231)
(326, 233)
(326, 234)
(326, 236)
(326, 236)
(326, 236)
(325, 236)
(325, 235)
(325, 235)
(325, 235)
(324, 236)
(324, 236)
(324, 236)
(324, 237)
(323, 238)
(323, 238)
(323, 238)
(323, 238)
(322, 237)
(321, 238)
(321, 238)
(321, 238)
(320, 237)
(319, 237)
(318, 237)
(318, 237)
(318, 237)
(317, 236)
(317, 236)
(317, 236)
(317, 236)
(316, 236)
(316, 236)
(316, 236)
(315, 236)
(314, 236)
(313, 236)
(313, 236)
(312, 235)
(311, 236)
(311, 236)
(311, 236)
(310, 237)
(308, 237)
(307, 238)
(307, 238)
(305, 238)
(304, 237)
(304, 237)
(304, 237)
(303, 238)
(302, 237)
(303, 237)
(303, 237)
(303, 237)
(304, 237)
(305, 237)
(305, 237)
(307, 236)
(307, 236)
(307, 235)
(307, 235)
(306, 235)
(305, 235)
(305, 235)
(306, 235)
(305, 235)
(304, 234)
(304, 234)
(304, 234)
(306, 234)
(307, 234)
(307, 234)
(307, 233)
(308, 233)
(309, 232)
(309, 232)
(310, 232)
(310, 232)
(310, 231)
(310, 231)
(311, 231)
(312, 230)
(313, 229)
(313, 229)
(314, 229)
(314, 230)
(316, 232)
(316, 232)
(318, 232)
(320, 232)
(322, 232)
(322, 232)
(323, 231)
(324, 233)
(325, 233)
(325, 233)
(325, 233)
(325, 232)
(325, 233)
(325, 233)
(326, 233)
(326, 233)
(325, 234)
(325, 234)
(326, 234)
(326, 234)
(326, 234)
(326, 234)
(326, 234)
(327, 234)
(327, 236)
(327, 236)
(327, 238)
(327, 238)
(327, 238)
(327, 238)
(327, 238)
(327, 239)
(327, 238)
(327, 238)
(327, 238)
(327, 238)
(327, 238)
(327, 238)
(327, 237)
(327, 237)
(327, 237)
(327, 237)
(327, 237)
(327, 237)
(327, 237)
(327, 238)
(328, 237)
(328, 238)
(328, 238)
(328, 238)
(328, 239)
(328, 240)
(328, 241)
(328, 241)
(329, 242)
(329, 243)
(330, 243)
(330, 244)
(330, 244)
(331, 245)
(332, 245)
(332, 245)
(332, 245)
(332, 245)
(333, 245)
(332, 245)
(332, 245)
(333, 245)
(333, 246)
(333, 246)
(333, 246)
(332, 247)
(331, 247)
(330, 247)
(330, 247)
(329, 247)
(328, 247)
(328, 248)
(328, 248)
(328, 244)
(327, 236)
(327, 235)
(327, 235)
(327, 235)
(327, 235)
(326, 236)
(326, 236)
(326, 235)
(326, 235)
(326, 235)
(326, 235)
(326, 236)
(327, 236)
(327, 236)
(327, 236)
(327, 236)
(327, 236)
(327, 236)
(327, 236)
(327, 236)
(327, 236)
(327, 236)
(327, 236)
(327, 236)
(327, 236)
(327, 236)
(327, 236)
(327, 236)
(326, 236)
(326, 236)
(326, 236)
(326, 236)
(326, 236)
(326, 237)
(326, 237)
(326, 237)
(326, 237)
(326, 237)
(326, 237)
(326, 237)
(326, 237)
(327, 237)
(327, 237)
(327, 237)
(327, 237)
(326, 237)
(326, 237)
(326, 237)
(326, 237)
(326, 237)
(326, 238)
(326, 238)
(326, 238)
(326, 238)
(326, 238)
(326, 238)
(326, 238)
(326, 238)
(326, 238)
(326, 238)
(327, 238)
(327, 239)
(327, 239)
(327, 239)
(327, 239)
(327, 239)
(327, 239)
(327, 240)
(327, 240)
(327, 240)
(327, 240)
(327, 240)
(327, 240)
(327, 240)
(327, 240)
(327, 240)
(327, 241)
(327, 241)
(327, 240)
(327, 240)
(328, 240)
(328, 240)
(328, 240)
(328, 240)
(327, 240)
(327, 240)
(327, 240)
(327, 240)
(327, 241)
(328, 240)
(328, 240)
(328, 240)
(328, 240)
(328, 240)
(328, 241)
(328, 241)
(328, 241)
(329, 241)
(329, 241)
(328, 241)
(328, 241)
(328, 241)
(328, 241)
(328, 241)
(328, 241)
(328, 241)
(328, 241)
(327, 240)
(328, 239)
(327, 239)
(327, 239)
(328, 239)
(328, 238)
(328, 238)
(328, 238)
(327, 238)
(327, 240)
(327, 240)
(327, 240)
(327, 240)
(327, 240)
(327, 240)
(327, 240)
(327, 240)
(327, 240)
(327, 240)
(327, 240)
(327, 240)
(326, 240)
(326, 240)
(326, 240)
(326, 239)
(326, 240)
(327, 239)
(327, 239)
(327, 239)
(327, 239)
(327, 240)
(327, 240)
(327, 240)
(327, 240)
(327, 240)
(327, 240)
(327, 240)
(326, 240)
(326, 240)
(326, 240)
(325, 240)
(325, 240)
(324, 240)
(325, 240)
(325, 240)
(325, 240)
(325, 241)
(325, 241)
(325, 241)
(325, 241)
(324, 241)
(324, 241)
(324, 241)
(324, 241)
(324, 241)
(324, 241)
(324, 241)
(324, 241)
(324, 241)
(324, 241)
(324, 241)
(324, 241)
(324, 241)
(324, 241)
(324, 241)
(325, 241)
(325, 241)
(325, 241)
(325, 241)
(324, 240)
(325, 240)
(325, 240)
(325, 240)
(326, 240)
(326, 240)
(326, 240)
(326, 240)
(327, 240)
(327, 240)
(327, 240)
(327, 240)
(327, 240)
(327, 240)
(327, 240)
(327, 240)
(326, 240)
(326, 240)
(326, 240)
(326, 240)
(325, 240)
(325, 240)
(325, 240)
(325, 240)
(325, 240)
(325, 239)
(325, 240)
(325, 240)
(325, 240)
(325, 240)
(325, 240)
(325, 240)
(325, 240)
(325, 240)
(326, 241)
(326, 241)
(326, 241)
(325, 241)
(325, 241)
(325, 241)
(325, 240)
(325, 240)
(325, 240)
(325, 240)
(325, 240)
(325, 240)
(325, 240)
(325, 240)
(325, 240)
(325, 241)
(325, 241)
(325, 241)
(325, 241)
(325, 241)
(325, 241)
(325, 241)
(324, 241)
(324, 241)
(324, 241)
(324, 241)
(324, 241)
(323, 241)
(323, 241)
(323, 241)
(323, 240)
(323, 240)
(323, 240)
(323, 240)
(323, 240)
(323, 241)
(323, 241)
(323, 241)
(323, 241)
(324, 241)
(324, 241)
(324, 241)
(324, 241)
(325, 241)
(325, 241)
(325, 241)
(326, 241)
(326, 241)
(326, 241)
(326, 241)
(326, 241)
(326, 241)
(326, 241)
(325, 241)
(325, 241)
(324, 240)
(323, 240)
(323, 240)
(322, 240)
(322, 240)
(323, 240)
(323, 240)
(323, 240)
(322, 240)
(322, 240)
(323, 240)
(324, 241)
(325, 241)
(325, 241)
(326, 241)
(326, 240)
(327, 241)
(328, 241)
(328, 241)
(328, 241)
(329, 241)
(328, 241)
(328, 241)
(328, 241)
(328, 241)
(328, 241)
(328, 241)
(328, 240)
(327, 240)
(326, 240)
(326, 240)
(326, 239)
(326, 239)
(325, 239)
(325, 239)
(326, 239)
(326, 239)
(326, 239)
(326, 240)
(327, 240)
(327, 240)
(327, 240)
(328, 240)
(329, 241)
(328, 241)
(328, 241)
(328, 240)
(329, 240)
(329, 240)
(329, 240)
(329, 240)
(328, 240)
(328, 240)
(328, 240)
(328, 240)
(328, 240)
(327, 239)
(327, 239)
(327, 239)
(327, 239)
(327, 239)
(327, 239)
(327, 239)
(327, 239)
(327, 239)
(327, 239)
(327, 240)
(327, 240)
(327, 240)
(327, 240)
(328, 240)
(328, 240)
(328, 240)
(328, 240)
(328, 240)
(328, 240)
(328, 240)
(327, 240)
(327, 240)
(328, 241)
(327, 239)
(328, 239)
(328, 240)
(328, 240)
(328, 239)
(327, 239)
(327, 239)
(328, 238)
(327, 239)
(327, 239)
(325, 239)
(325, 239)
(325, 239)
(325, 239)
(325, 239)
(324, 240)
(324, 241)
(324, 241)
(323, 241)
(323, 241)
(323, 241)
(323, 241)
(323, 241)
(323, 242)
(322, 242)
(322, 242)
(322, 242)
(323, 242)
(323, 242)
(322, 242)
(322, 242)
(322, 243)
(321, 242)
(320, 242)
(320, 242)
(320, 243)
(319, 243)
(319, 243)
(319, 243)
(319, 243)
(319, 243)
(319, 243)
(320, 243)
(320, 243)
(320, 243)
(320, 243)
(320, 243)
(320, 243)
(320, 243)
(320, 243)
(320, 243)
(319, 242)
(320, 242)
(320, 242)
(320, 242)
(320, 242)
(320, 242)
(320, 242)
(319, 242)
(319, 242)
(319, 242)
(319, 242)
(319, 243)
(319, 243)
(319, 243)
(319, 243)
(319, 243)
(319, 243)
(318, 243)
(318, 243)
(318, 245)
(317, 246)
(317, 246)
(317, 246)
(316, 247)
(316, 248)
(316, 249)
(315, 250)
(316, 251)
(316, 251)
(315, 252)
(315, 253)
(314, 253)
(315, 254)
(315, 254)
(315, 255)
(314, 255)
(315, 255)
(315, 255)
(316, 249)
(316, 249)
(316, 249)
(316, 248)
(316, 248)
(317, 249)
(317, 249)
(317, 249)
(317, 250)
(317, 250)
(318, 249)
(318, 249)
(319, 249)
(319, 249)
(320, 249)
(319, 246)
(320, 242)
(320, 242)
(320, 243)
(320, 242)
(320, 242)
(320, 242)
(320, 242)
(319, 242)
(320, 242)
(320, 242)
(320, 242)
(320, 242)
(319, 242)
(319, 242)
(319, 242)
(319, 242)
(318, 241)
(318, 241)
(317, 242)
(316, 242)
(315, 242)
(315, 242)
(315, 243)
(314, 244)
(314, 243)
(314, 243)
(313, 243)
(313, 243)
(311, 245)
(311, 245)
(311, 245)
(310, 246)
(310, 246)
(309, 247)
(307, 248)
(307, 248)
(307, 248)
(306, 249)
(305, 250)
(305, 250)
(303, 251)
(302, 253)
(300, 254)
(300, 254)
(298, 256)
(296, 257)
(293, 259)
(293, 259)
(291, 260)
(289, 260)
(287, 261)
(287, 261)
(285, 263)
(283, 265)
(282, 266)
(282, 266)
(280, 266)
(280, 266)
(278, 262)
(277, 263)
(277, 263)
(275, 264)
(275, 264)
(274, 265)
(273, 266)
(273, 266)
(272, 266)
(272, 266)
(271, 263)
(270, 264)
(269, 266)
(269, 266)
(266, 268)
(266, 268)
(265, 267)
(263, 268)
(263, 268)
(262, 270)
(262, 271)
(262, 271)
(261, 272)
(260, 269)
(260, 269)
(261, 270)
(262, 272)
(262, 272)
(263, 274)
(263, 274)
(263, 271)
(264, 271)
(264, 271)
(266, 273)
(266, 273)
(266, 271)
(266, 271)
(265, 269)
(265, 269)
(265, 271)
(265, 271)
(267, 270)
(269, 268)
(269, 268)
(270, 268)
(270, 268)
(272, 268)
(272, 268)
(274, 267)
(274, 267)
(272, 265)
(272, 265)
(272, 264)
(272, 264)
(273, 264)
(273, 264)
(275, 263)
(276, 263)
(276, 263)
(278, 262)
(278, 262)
(279, 262)
(279, 262)
(280, 262)
(280, 262)
(281, 262)
(281, 262)
(283, 260)
(283, 260)
(284, 259)
(284, 258)
(284, 258)
(284, 259)
(286, 260)
(286, 260)
(288, 259)
(290, 259)
(290, 257)
(290, 257)
(292, 257)
(294, 257)
(296, 257)
(296, 257)
(297, 257)
(297, 256)
(299, 255)
(299, 255)
(300, 253)
(301, 253)
(301, 253)
(302, 253)
(302, 253)
(301, 252)
(302, 253)
(302, 253)
(302, 253)
(301, 253)
(302, 253)
(302, 253)
(303, 254)
(305, 249)
(305, 248)
(305, 248)
(305, 248)
(305, 248)
(305, 248)
(305, 248)
(304, 248)
(304, 248)
(305, 248)
(305, 249)
(305, 249)
(308, 248)
(308, 248)
(308, 250)
(308, 250)
(308, 250)
(308, 246)
(308, 245)
(308, 245)
(308, 245)
(308, 245)
(309, 244)
(309, 244)
(309, 245)
(311, 243)
(314, 242)
(314, 242)
(316, 240)
(319, 239)
(322, 239)
(322, 239)
(326, 238)
(327, 238)
(330, 237)
(330, 237)
(333, 237)
(335, 237)
(337, 236)
(337, 236)
(340, 233)
(343, 232)
(345, 231)
(345, 231)
(347, 230)
(350, 229)
(353, 228)
(353, 228)
(356, 227)
(358, 225)
(359, 225)
(359, 225)
(361, 225)
(363, 225)
(365, 223)
(365, 223)
(369, 223)
(372, 221)
(375, 219)
(375, 219)
(378, 218)
(381, 219)
(384, 217)
(384, 217)
(387, 218)
(390, 217)
(393, 215)
(395, 213)
(397, 213)
(397, 213)
(400, 212)
(403, 213)
(405, 212)
(405, 211)
(406, 211)
(405, 212)
(404, 212)
(404, 212)
(403, 211)
(402, 213)
(399, 214)
(398, 216)
(398, 216)
(395, 216)
(393, 216)
(393, 216)
(391, 216)
(388, 218)
(386, 222)
(386, 222)
(382, 224)
(378, 226)
(375, 227)
(373, 228)
(373, 228)
(369, 231)
(368, 236)
(363, 239)
(363, 239)
(360, 241)
(356, 243)
(353, 244)
(353, 244)
(349, 246)
(347, 247)
(347, 247)
(345, 249)
(344, 250)
(341, 250)
(337, 251)
(337, 251)
(334, 252)
(333, 252)
(333, 249)
(333, 249)
(331, 248)
(329, 249)
(327, 249)
(327, 249)
(325, 250)
(323, 251)
(320, 252)
(320, 252)
(318, 253)
(315, 254)
(315, 254)
(313, 254)
(310, 254)
(309, 255)
(308, 255)
(308, 255)
(310, 252)
(309, 249)
(309, 249)
(308, 249)
(308, 250)
(308, 250)
(308, 250)
(307, 250)
(307, 251)
(307, 251)
(307, 251)
(307, 251)
(308, 250)
(308, 247)
(308, 247)
(307, 247)
(307, 247)
(308, 247)
(308, 247)
(308, 247)
(308, 247)
(308, 247)
(308, 247)
(308, 247)
(308, 247)
(308, 247)
(308, 247)
(308, 248)
(308, 248)
(307, 248)
(307, 248)
(307, 248)
(307, 248)
(307, 248)
(307, 248)
(306, 242)
(306, 242)
(306, 241)
(306, 241)
(306, 242)
(306, 242)
(305, 242)
(306, 241)
(306, 241)
(305, 241)
(306, 241)
(306, 241)
(306, 241)
(306, 241)
(306, 241)
(306, 242)
(306, 242)
(306, 242)
(306, 242)
(306, 242)
(305, 242)
(305, 242)
(305, 242)
(306, 242)
(305, 242)
(305, 242)
(305, 242)
(305, 242)
(305, 242)
(305, 242)
(305, 242)
(305, 242)
(305, 242)
(305, 242)
(305, 242)
(305, 242)
(305, 242)
(305, 242)
(305, 242)
(305, 242)
(305, 242)
(305, 242)
(304, 242)
(304, 243)
(304, 243)
(303, 243)
(303, 243)
(303, 243)
(303, 243)
(301, 243)
(300, 244)
(300, 244)
(299, 244)
(298, 245)
(298, 245)
(298, 245)
(298, 245)
(297, 245)
(296, 245)
(296, 245)
(297, 245)
(296, 245)
(297, 245)
(297, 245)
(300, 245)
(303, 244)
(304, 244)
(304, 244)
(305, 244)
(305, 244)
(305, 244)
(305, 244)
(306, 244)
(307, 244)
(309, 243)
(309, 243)
(311, 242)
(314, 241)
(317, 240)
(317, 240)
(319, 238)
(320, 238)
(320, 238)
(320, 238)
(322, 238)
(323, 238)
(323, 237)
(323, 237)
(325, 237)
(327, 236)
(329, 234)
(331, 232)
(334, 231)
(334, 231)
(336, 229)
(339, 227)
(340, 226)
(340, 226)
(342, 226)
(342, 225)
(342, 225)
(343, 225)
(343, 225)
(344, 225)
(345, 225)
(346, 225)
(346, 225)
(347, 224)
(347, 222)
(349, 222)
(349, 222)
(351, 221)
(353, 222)
(355, 223)
(355, 223)
(357, 223)
(359, 221)
(360, 221)
(362, 220)
(362, 220)
(365, 223)
(367, 223)
(368, 223)
(368, 223)
(370, 222)
(372, 221)
(374, 220)
(374, 220)
(375, 220)
(377, 220)
(378, 220)
(380, 219)
(380, 219)
(380, 219)
(381, 218)
(382, 219)
(382, 221)
(382, 221)
(381, 223)
(381, 223)
(379, 222)
(379, 222)
(378, 223)
(378, 223)
(376, 223)
(375, 226)
(375, 226)
(374, 227)
(374, 227)
(374, 226)
(374, 226)
(374, 227)
(374, 227)
(372, 227)
(371, 229)
(370, 229)
(368, 229)
(368, 229)
(368, 235)
(368, 236)
(367, 237)
(364, 239)
(362, 240)
(362, 240)
(361, 240)
(358, 241)
(355, 242)
(352, 242)
(350, 243)
(350, 243)
(348, 244)
(346, 244)
(344, 245)
(342, 245)
(342, 245)
(340, 246)
(337, 246)
(333, 246)
(333, 246)
(332, 246)
(331, 246)
(330, 245)
(329, 246)
(330, 246)
(329, 246)
(329, 246)
(329, 246)
(329, 246)
(329, 246)
(329, 240)
(329, 240)
(327, 236)
(325, 237)
(324, 237)
(324, 237)
(324, 237)
(325, 237)
(325, 237)
(325, 237)
(324, 238)
(325, 239)
(324, 239)
(324, 239)
(324, 239)
(323, 239)
(324, 240)
(324, 240)
(323, 240)
(324, 241)
(324, 241)
(324, 241)
(323, 242)
(323, 243)
(323, 243)
(323, 243)
(323, 243)
(323, 243)
(323, 244)
(323, 244)
(322, 244)
(321, 243)
(321, 244)
(321, 244)
(321, 243)
(320, 243)
(320, 243)
(320, 243)
(320, 243)
(319, 243)
(319, 243)
(319, 243)
(319, 243)
(319, 243)
(319, 244)
(318, 244)
(318, 244)
(318, 244)
(318, 244)
(318, 244)
(318, 244)
(318, 245)
(318, 245)
(318, 245)
(318, 245)
(319, 245)
(318, 245)
(318, 245)
(319, 245)
(319, 245)
(318, 245)
(318, 245)
(318, 245)
(318, 245)
(318, 245)
(318, 245)
(318, 245)
(317, 245)
(317, 245)
(317, 245)
(317, 245)
(316, 245)
(316, 245)
(316, 245)
(315, 245)
(315, 246)
(315, 246)
(315, 246)
(314, 245)
(314, 245)
(314, 246)
(314, 246)
(313, 246)
(313, 246)
(313, 246)
(313, 246)
(313, 246)
(313, 246)
(313, 246)
(313, 246)
(313, 246)
(313, 246)
(313, 246)
(313, 246)
(313, 246)
(313, 246)
(313, 246)
(313, 246)
(313, 246)
(313, 246)
(313, 246)
(313, 246)
(313, 246)
(313, 246)
(313, 246)
(315, 245)
(315, 245)
(316, 238)
(316, 238)
(315, 239)
(315, 239)
(315, 239)
(315, 239)
(315, 239)
(315, 239)
(315, 239)
(315, 239)
(315, 240)
(314, 240)
(314, 240)
(314, 240)
(314, 240)
(314, 240)
(314, 240)
(314, 240)
(314, 240)
(313, 240)
(313, 240)
(314, 241)
(314, 241)
(314, 242)
(314, 242)
(314, 242)
(314, 243)
(314, 243)
(314, 242)
(314, 242)
(314, 242)
(314, 242)
(314, 243)
(314, 243)
(314, 242)
(314, 242)
(314, 242)
(313, 243)
(313, 243)
(313, 243)
(313, 243)
(313, 243)
(312, 243)
(312, 243)
(312, 242)
(311, 242)
(311, 242)
(310, 242)
(310, 242)
(308, 241)
(308, 241)
(308, 241)
(307, 242)
(308, 243)
(308, 243)
(308, 243)
(307, 243)
(308, 243)
(308, 243)
(308, 243)
(307, 244)
(307, 244)
(307, 244)
(307, 244)
(308, 244)
(308, 244)
(308, 244)
(308, 244)
(308, 244)
(308, 244)
(308, 244)
(308, 244)
(308, 244)
(308, 244)
(308, 244)
(308, 244)
(308, 244)
(308, 244)
(308, 244)
(308, 244)
(308, 244)
(308, 244)
(308, 244)
(308, 244)
(308, 244)
(308, 244)
(308, 244)
(308, 244)
(308, 244)
(308, 244)
(309, 245)
(309, 244)
(309, 244)
(309, 244)
(309, 244)
(308, 245)
(308, 245)
(309, 245)
(309, 245)
(309, 245)
(309, 245)
(309, 245)
(309, 245)
(309, 245)
(309, 245)
(309, 245)
(309, 245)
(309, 245)
(308, 244)
(308, 244)
(308, 244)
(308, 244)
(308, 244)
(308, 244)
(308, 244)
(308, 244)
(308, 244)
(308, 244)
(308, 244)
(308, 244)
(308, 244)
(308, 244)
(308, 244)
(308, 244)
(309, 244)
(309, 244)
(309, 244)
(309, 244)
(309, 244)
(308, 244)
(308, 244)
(309, 244)
(309, 244)
(309, 243)
(308, 243)
(308, 243)
(308, 243)
(309, 243)
(308, 243)
(308, 243)
(308, 243)
(308, 244)
(308, 244)
(308, 244)
(308, 244)
(308, 243)
(308, 243)
(308, 243)
(308, 243)
(308, 243)
(309, 243)
(309, 243)
(308, 243)
(309, 243)
(308, 244)
(308, 244)
(308, 244)
(308, 244)
(308, 244)
(309, 244)
(310, 244)
(310, 244)
(310, 243)
(310, 243)
(311, 243)
(310, 243)
(311, 243)
(311, 243)
(311, 243)
(311, 244)
(311, 244)
(311, 244)
(311, 244)
(311, 244)
(311, 244)
(313, 243)
(315, 243)
(315, 243)
(315, 243)
(315, 243)
(315, 243)
(315, 243)
(315, 243)
(315, 243)
(315, 243)
(315, 243)
(316, 243)
(316, 243)
(316, 243)
(315, 243)
(315, 243)
(315, 243)
(315, 243)
(315, 243)
(315, 243)
(315, 243)
(315, 243)
(315, 243)
(316, 243)
(316, 243)
(316, 243)
(316, 242)
(315, 242)
(316, 242)
(316, 242)
(316, 242)
(316, 242)
(316, 242)
(316, 242)
(316, 242)
(316, 242)
(316, 242)
(317, 242)
(317, 242)
(317, 242)
(317, 242)
(317, 242)
(317, 242)
(316, 242)
(316, 242)
(317, 242)
(316, 241)
(316, 242)
(316, 242)
(316, 242)
(316, 241)
(316, 241)
(316, 241)
(316, 241)
(316, 241)
(316, 241)
(316, 241)
(316, 241)
(317, 241)
(317, 241)
(317, 242)
(317, 242)
(317, 242)
(318, 242)
(318, 242)
(317, 242)
(317, 242)
(317, 242)
(318, 242)
(318, 242)
(318, 242)
(318, 242)
(319, 242)
(319, 242)
(319, 242)
(319, 242)
(319, 242)
(319, 242)
(319, 242)
(319, 242)
(319, 242)
(319, 242)
(319, 242)
(319, 242)
(318, 242)
(318, 242)
(318, 242)
(318, 242)
(318, 241)
(318, 241)
(318, 241)
(318, 241)
(318, 241)
(318, 241)
(318, 241)
(318, 242)
(318, 242)
(318, 242)
(318, 242)
(318, 241)
(318, 241)
(318, 241)
(318, 241)
(318, 241)
(318, 241)
(318, 241)
(318, 241)
(318, 241)
(317, 241)
(317, 241)
(317, 241)
(317, 241)
(317, 241)
(317, 241)
(317, 241)
(317, 241)
(317, 242)
(317, 242)
(317, 242)
(316, 242)
(316, 242)
(316, 242)
(316, 242)
(316, 242)
(316, 242)
(316, 242)
(316, 242)
(316, 242)
(316, 242)
(316, 242)
(316, 242)
(316, 243)
(316, 243)
(317, 243)
(316, 242)
(316, 242)
(316, 242)
(316, 243)
(316, 243)
(316, 242)
(316, 242)
(316, 242)
(316, 242)
(316, 242)
(316, 242)
(316, 242)
(316, 242)
(316, 242)
(316, 242)
(316, 242)
(317, 242)
(317, 242)
(317, 242)
(317, 242)
(317, 242)
(316, 242)
(316, 242)
(316, 242)
(316, 243)
(317, 242)
(317, 242)
(317, 242)
(317, 242)
(317, 243)
(317, 243)
(317, 242)
(317, 242)
(317, 242)
(317, 242)
(317, 242)
(317, 242)
(317, 242)
(317, 242)
(317, 242)
(317, 242)
(317, 242)
(317, 242)
(317, 243)
(317, 243)
(317, 243)
(317, 243)
(317, 243)
(317, 243)
(317, 243)
(317, 243)
(317, 243)
(317, 243)
(317, 243)
(317, 243)
(316, 242)
(317, 242)
(317, 242)
(316, 242)
(316, 242)
(316, 242)
(316, 242)
(315, 242)
(315, 242)
(315, 242)
(315, 242)
(315, 242)
(315, 242)
(315, 242)
(315, 242)
(315, 242)
(315, 242)
(315, 242)
(315, 243)
(315, 243)
(315, 243)
(315, 243)
(316, 243)
(316, 243)
(316, 243)
(316, 243)
(316, 243)
(316, 243)
(316, 243)
(316, 243)
(316, 243)
(316, 243)
(316, 243)
(316, 243)
(316, 243)
(316, 242)
(316, 242)
(316, 243)
(316, 242)
(316, 242)
(316, 242)
(316, 242)
(317, 242)
(317, 242)
(317, 242)
(317, 242)
(317, 242)
(317, 242)
(317, 242)
(317, 242)
(317, 243)
(317, 243)
(317, 242)
(317, 242)
(317, 243)
(317, 242)
(317, 243)
(317, 243)
(317, 243)
(318, 243)
(318, 243)
(318, 243)
(317, 243)
(317, 243)
(317, 243)
(317, 243)
(318, 242)
(318, 243)
(317, 243)
(317, 243)
(318, 243)
(318, 243)
(318, 243)
(318, 243)
(318, 243)
(318, 244)
(318, 243)
(318, 243)
(317, 243)
(317, 243)
(316, 244)
(316, 244)
(317, 244)
(317, 244)
(316, 244)
(316, 244)
(316, 245)
(316, 245)
(316, 245)
(316, 245)
(318, 245)
(317, 245)
(317, 245)
(317, 245)
(317, 245)
(317, 245)
(317, 245)
(317, 245)
(317, 245)
(317, 245)
(317, 245)
(318, 245)
(317, 245)
(317, 245)
(317, 245)
(317, 245)
(318, 245)
(318, 245)
(318, 245)
(318, 245)
(318, 245)
(318, 245)
(318, 245)
(318, 245)
(317, 245)
(317, 245)
(317, 245)
(318, 245)
(318, 244)
(318, 245)
(318, 245)
(318, 245)
(318, 245)
(318, 245)
(318, 245)
(318, 244)
(318, 244)
(318, 244)
(318, 245)
(318, 244)
(317, 244)
(317, 244)
(317, 244)
(317, 245)
(317, 245)
(317, 245)
(317, 245)
(317, 245)
(317, 245)
(317, 245)
(317, 245)
(317, 245)
(317, 245)
(317, 245)
(318, 245)
(318, 245)
(317, 246)
(317, 246)
(318, 246)
(318, 246)
(318, 246)
(318, 245)
(318, 245)
(318, 245)
(318, 245)
(318, 245)
(319, 245)
(319, 245)
(319, 245)
(319, 245)
(319, 245)
(319, 245)
(319, 245)
(319, 245)
(318, 245)
(318, 245)
(318, 245)
(318, 246)
(318, 246)
(318, 246)
(318, 246)
(318, 246)
(318, 246)
(317, 246)
(317, 246)
(318, 246)
(318, 246)
(318, 246)
(318, 246)
(317, 246)
(318, 246)
(319, 246)
(319, 246)
(319, 246)
(319, 246)
(318, 246)
(318, 246)
(318, 245)
(318, 245)
(318, 245)
(319, 241)
(320, 238)
(320, 238)
(320, 238)
(320, 238)
(320, 238)
(320, 238)
(320, 238)
(320, 238)
(320, 238)
(320, 238)
(320, 238)
(320, 238)
(320, 238)
(320, 238)
(320, 238)
(319, 238)
(319, 237)
(319, 236)
(319, 236)
(319, 236)
(319, 236)
(319, 237)
(319, 237)
(319, 237)
(319, 237)
(319, 237)
(318, 237)
(318, 237)
(318, 237)
(319, 237)
(319, 237)
(319, 237)
(319, 237)
(319, 237)
(319, 237)
(319, 236)
(320, 236)
(320, 236)
(320, 236)
(320, 236)
(320, 236)
(320, 236)
(320, 236)
(320, 236)
(320, 236)
(320, 236)
(320, 236)
(321, 236)
(320, 236)
(319, 237)
(319, 237)
(319, 237)
(319, 237)
(319, 237)
(319, 237)
(319, 237)
(319, 237)
(319, 237)
(319, 237)
(319, 237)
(319, 237)
(319, 237)
(319, 237)
(319, 237)
(320, 236)Beginning PiCam stream...
Traceback (most recent call last):
  File "Tracker_Demo.py", line 138, in <module>
    key = cv2.waitKey(1) & 0xFF
KeyboardInterrupt
